This is pdfTeX, Version 3.14159265-2.6-1.40.21 (MiKTeX 20.12) (preloaded format=pdflatex 2021.9.25)  22 MAY 2022 11:02
entering extended mode
**./MPC-DIS.tex
(MPC-DIS.tex
LaTeX2e <2020-10-01> patch level 4
L3 programming layer <2021-05-07> (shared.tex
(C:\MiKTeX\tex/latex/base\article.cls
Document Class: article 2020/04/10 v1.4m Standard LaTeX document class
(C:\MiKTeX\tex/latex/base\size12.clo
File: size12.clo 2020/04/10 v1.4m Standard LaTeX file (size option)
)
\c@part=\count179
\c@section=\count180
\c@subsection=\count181
\c@subsubsection=\count182
\c@paragraph=\count183
\c@subparagraph=\count184
\c@figure=\count185
\c@table=\count186
\abovecaptionskip=\skip47
\belowcaptionskip=\skip48
\bibindent=\dimen138
) (C:\MiKTeX\tex/latex/base\inputenc.sty
Package: inputenc 2020/08/01 v1.3d Input encoding file
\inpenc@prehook=\toks15
\inpenc@posthook=\toks16
)
(C:\MiKTeX\tex/latex/base\fontenc.sty
Package: fontenc 2020/08/10 v2.0s Standard LaTeX package
) (C:\MiKTeX\tex/generic/babel\babel.sty
Package: babel 2021/04/26 3.58 The Babel package

(C:\MiKTeX\tex/generic/babel\babel.def
File: babel.def 2021/04/26 3.58 Babel common definitions
\babel@savecnt=\count187
\U@D=\dimen139
\l@unhyphenated=\language7

(C:\MiKTeX\tex/generic/babel\txtbabel.def)
\bbl@readstream=\read2
)
\bbl@dirlevel=\count188

*************************************
* Local config file bblopts.cfg used
*
(C:\MiKTeX\tex/latex/arabi\bblopts.cfg
File: bblopts.cfg 2005/09/08 v0.1 add Arabic and Farsi to "declared" options of
 babel
)
(C:\MiKTeX\tex/latex/babel-czech\czech.ldf
Language: czech 2008/07/06 v3.1a Czech support from the babel system
Package babel Info: Making " an active character on input line 172.
\cs@wordlen=\count189
Package babel Info: Making - an active character on input line 226.
))
(C:\MiKTeX\tex/latex/geometry\geometry.sty
Package: geometry 2020/01/02 v5.9 Page Geometry

(C:\MiKTeX\tex/latex/graphics\keyval.sty
Package: keyval 2014/10/28 v1.15 key=value parser (DPC)
\KV@toks@=\toks17
)
(C:\MiKTeX\tex/generic/iftex\ifvtex.sty
Package: ifvtex 2019/10/25 v1.7 ifvtex legacy package. Use iftex instead.
 (C:\MiKTeX\tex/generic/iftex\iftex.sty
Package: iftex 2020/03/06 v1.0d TeX engine tests
))
\Gm@cnth=\count190
\Gm@cntv=\count191
\c@Gm@tempcnt=\count192
\Gm@bindingoffset=\dimen140
\Gm@wd@mp=\dimen141
\Gm@odd@mp=\dimen142
\Gm@even@mp=\dimen143
\Gm@layoutwidth=\dimen144
\Gm@layoutheight=\dimen145
\Gm@layouthoffset=\dimen146
\Gm@layoutvoffset=\dimen147
\Gm@dimlist=\toks18
 (C:\MiKTeX\tex/latex/geometry\geometry.cfg))
(C:\MiKTeX\tex/latex/cmap\cmap.sty
Package: cmap 2021/02/06 v1.0j CMap support: searchable PDF


Package cmap Warning: fontenc already loaded - some fonts may be unprocessed.

) (C:\MiKTeX\tex/latex/base\ifthen.sty
Package: ifthen 2014/09/29 v1.1c Standard LaTeX ifthen package (DPC)
)
(C:\MiKTeX\tex/latex/sectsty\sectsty.sty
Package: sectsty 2002/02/25 v2.0.2 Commands to change all sectional heading sty
les


LaTeX Warning: Command \underbar  has changed.
               Check if current package is valid.


LaTeX Warning: Command \underline  has changed.
               Check if current package is valid.

) (C:\MiKTeX\tex/latex/tocloft\tocloft.sty
Package: tocloft 2017/08/31 v2.3i parameterised ToC, etc., typesetting
Package tocloft Info: The document has section divisions on input line 51.
\cftparskip=\skip49
\cftbeforetoctitleskip=\skip50
\cftaftertoctitleskip=\skip51
\cftbeforepartskip=\skip52
\cftpartnumwidth=\skip53
\cftpartindent=\skip54
\cftbeforesecskip=\skip55
\cftsecindent=\skip56
\cftsecnumwidth=\skip57
\cftbeforesubsecskip=\skip58
\cftsubsecindent=\skip59
\cftsubsecnumwidth=\skip60
\cftbeforesubsubsecskip=\skip61
\cftsubsubsecindent=\skip62
\cftsubsubsecnumwidth=\skip63
\cftbeforeparaskip=\skip64
\cftparaindent=\skip65
\cftparanumwidth=\skip66
\cftbeforesubparaskip=\skip67
\cftsubparaindent=\skip68
\cftsubparanumwidth=\skip69
\cftbeforeloftitleskip=\skip70
\cftafterloftitleskip=\skip71
\cftbeforefigskip=\skip72
\cftfigindent=\skip73
\cftfignumwidth=\skip74
\c@lofdepth=\count193
\c@lotdepth=\count194
\cftbeforelottitleskip=\skip75
\cftafterlottitleskip=\skip76
\cftbeforetabskip=\skip77
\cfttabindent=\skip78
\cfttabnumwidth=\skip79
)
(C:\MiKTeX\tex/latex/enumitem\enumitem.sty
Package: enumitem 2019/06/20 v3.9 Customized lists
\labelindent=\skip80
\enit@outerparindent=\dimen148
\enit@toks=\toks19
\enit@inbox=\box47
\enit@count@id=\count195
\enitdp@description=\count196
)
(C:\MiKTeX\tex/latex/csquotes\csquotes.sty
Package: csquotes 2021-02-22 v5.2l context-sensitive quotations (JAW)

(C:\MiKTeX\tex/latex/etoolbox\etoolbox.sty
Package: etoolbox 2020/10/05 v2.5k e-TeX tools for LaTeX (JAW)
\etb@tempcnta=\count197
)
\csq@reset=\count198
\csq@gtype=\count199
\csq@glevel=\count266
\csq@qlevel=\count267
\csq@maxlvl=\count268
\csq@tshold=\count269
\csq@ltx@everypar=\toks20

(C:\MiKTeX\tex/latex/csquotes\csquotes.def
File: csquotes.def 2021-02-22 v5.2l csquotes generic definitions (JAW)
)
Package csquotes Info: Trying to load configuration file 'csquotes.cfg'...
Package csquotes Info: ... configuration file loaded successfully.

(C:\MiKTeX\tex/latex/csquotes\csquotes.cfg
File: csquotes.cfg 
))
(C:\MiKTeX\tex/latex/footmisc\footmisc.sty
Package: footmisc 2011/06/06 v5.5b a miscellany of footnote facilities
\FN@temptoken=\toks21
\footnotemargin=\dimen149
\c@pp@next@reset=\count270
Package footmisc Info: Declaring symbol style bringhurst on input line 855.
Package footmisc Info: Declaring symbol style chicago on input line 863.
Package footmisc Info: Declaring symbol style wiley on input line 872.
Package footmisc Info: Declaring symbol style lamport-robust on input line 883.

Package footmisc Info: Declaring symbol style lamport* on input line 903.
Package footmisc Info: Declaring symbol style lamport*-robust on input line 924
.
)
(C:\MiKTeX\tex/latex/nowidow\nowidow.sty
Package: nowidow 2011/09/20 1.0 Easily prevent widows and orphans
Package: nowidow 

(C:\MiKTeX\tex/latex/kvoptions\kvoptions.sty
Package: kvoptions 2020-10-07 v3.14 Key value format for package options (HO)

(C:\MiKTeX\tex/generic/ltxcmds\ltxcmds.sty
Package: ltxcmds 2020-05-10 v1.25 LaTeX kernel commands for general use (HO)
)
(C:\MiKTeX\tex/generic/kvsetkeys\kvsetkeys.sty
Package: kvsetkeys 2019/12/15 v1.18 Key value parser (HO)
)))
(C:\MiKTeX\tex/latex/needspace\needspace.sty
Package: needspace 2010/09/12 v1.3d reserve vertical space
)
(C:\MiKTeX\tex/latex/setspace\setspace.sty
Package: setspace 2011/12/19 v6.7a set line spacing
) (C:\MiKTeX\tex/latex/lm\lmodern.sty
Package: lmodern 2009/10/30 v1.6 Latin Modern Fonts
LaTeX Font Info:    Overwriting symbol font `operators' in version `normal'
(Font)                  OT1/cmr/m/n --> OT1/lmr/m/n on input line 22.
LaTeX Font Info:    Overwriting symbol font `letters' in version `normal'
(Font)                  OML/cmm/m/it --> OML/lmm/m/it on input line 23.
LaTeX Font Info:    Overwriting symbol font `symbols' in version `normal'
(Font)                  OMS/cmsy/m/n --> OMS/lmsy/m/n on input line 24.
LaTeX Font Info:    Overwriting symbol font `largesymbols' in version `normal'
(Font)                  OMX/cmex/m/n --> OMX/lmex/m/n on input line 25.
LaTeX Font Info:    Overwriting symbol font `operators' in version `bold'
(Font)                  OT1/cmr/bx/n --> OT1/lmr/bx/n on input line 26.
LaTeX Font Info:    Overwriting symbol font `letters' in version `bold'
(Font)                  OML/cmm/b/it --> OML/lmm/b/it on input line 27.
LaTeX Font Info:    Overwriting symbol font `symbols' in version `bold'
(Font)                  OMS/cmsy/b/n --> OMS/lmsy/b/n on input line 28.
LaTeX Font Info:    Overwriting symbol font `largesymbols' in version `bold'
(Font)                  OMX/cmex/m/n --> OMX/lmex/m/n on input line 29.
LaTeX Font Info:    Overwriting math alphabet `\mathbf' in version `normal'
(Font)                  OT1/cmr/bx/n --> OT1/lmr/bx/n on input line 31.
LaTeX Font Info:    Overwriting math alphabet `\mathsf' in version `normal'
(Font)                  OT1/cmss/m/n --> OT1/lmss/m/n on input line 32.
LaTeX Font Info:    Overwriting math alphabet `\mathit' in version `normal'
(Font)                  OT1/cmr/m/it --> OT1/lmr/m/it on input line 33.
LaTeX Font Info:    Overwriting math alphabet `\mathtt' in version `normal'
(Font)                  OT1/cmtt/m/n --> OT1/lmtt/m/n on input line 34.
LaTeX Font Info:    Overwriting math alphabet `\mathbf' in version `bold'
(Font)                  OT1/cmr/bx/n --> OT1/lmr/bx/n on input line 35.
LaTeX Font Info:    Overwriting math alphabet `\mathsf' in version `bold'
(Font)                  OT1/cmss/bx/n --> OT1/lmss/bx/n on input line 36.
LaTeX Font Info:    Overwriting math alphabet `\mathit' in version `bold'
(Font)                  OT1/cmr/bx/it --> OT1/lmr/bx/it on input line 37.
LaTeX Font Info:    Overwriting math alphabet `\mathtt' in version `bold'
(Font)                  OT1/cmtt/m/n --> OT1/lmtt/m/n on input line 38.
) (C:\MiKTeX\tex/latex/titlesec\titlesec.sty
Package: titlesec 2019/10/16 v2.13 Sectioning titles
\ttl@box=\box48
\beforetitleunit=\skip81
\aftertitleunit=\skip82
\ttl@plus=\dimen150
\ttl@minus=\dimen151
\ttl@toksa=\toks22
\titlewidth=\dimen152
\titlewidthlast=\dimen153
\titlewidthfirst=\dimen154
)
(C:\MiKTeX\tex/latex/hyperref\hyperref.sty
Package: hyperref 2021-02-27 v7.00k Hypertext links for LaTeX

(C:\MiKTeX\tex/generic/pdftexcmds\pdftexcmds.sty
Package: pdftexcmds 2020-06-27 v0.33 Utility functions of pdfTeX for LuaTeX (HO
)

(C:\MiKTeX\tex/generic/infwarerr\infwarerr.sty
Package: infwarerr 2019/12/03 v1.5 Providing info/warning/error messages (HO)
)
Package pdftexcmds Info: \pdf@primitive is available.
Package pdftexcmds Info: \pdf@ifprimitive is available.
Package pdftexcmds Info: \pdfdraftmode found.
)
(C:\MiKTeX\tex/generic/kvdefinekeys\kvdefinekeys.sty
Package: kvdefinekeys 2019-12-19 v1.6 Define keys (HO)
)
(C:\MiKTeX\tex/generic/pdfescape\pdfescape.sty
Package: pdfescape 2019/12/09 v1.15 Implements pdfTeX's escape features (HO)
)
(C:\MiKTeX\tex/latex/hycolor\hycolor.sty
Package: hycolor 2020-01-27 v1.10 Color options for hyperref/bookmark (HO)
)
(C:\MiKTeX\tex/latex/letltxmacro\letltxmacro.sty
Package: letltxmacro 2019/12/03 v1.6 Let assignment for LaTeX macros (HO)
)
(C:\MiKTeX\tex/latex/auxhook\auxhook.sty
Package: auxhook 2019-12-17 v1.6 Hooks for auxiliary files (HO)
)
\@linkdim=\dimen155
\Hy@linkcounter=\count271
\Hy@pagecounter=\count272

(C:\MiKTeX\tex/latex/hyperref\pd1enc.def
File: pd1enc.def 2021-02-27 v7.00k Hyperref: PDFDocEncoding definition (HO)
Now handling font encoding PD1 ...
... no UTF-8 mapping file for font encoding PD1
)
(C:\MiKTeX\tex/latex/hyperref\hyperref-langpatches.def
File: hyperref-langpatches.def 2021-02-27 v7.00k Hyperref: patches for babel la
nguages
)
(C:\MiKTeX\tex/generic/intcalc\intcalc.sty
Package: intcalc 2019/12/15 v1.3 Expandable calculations with integers (HO)
)
(C:\MiKTeX\tex/generic/etexcmds\etexcmds.sty
Package: etexcmds 2019/12/15 v1.7 Avoid name clashes with e-TeX commands (HO)
)
\Hy@SavedSpaceFactor=\count273

(C:\MiKTeX\tex/latex/hyperref\puenc.def
File: puenc.def 2021-02-27 v7.00k Hyperref: PDF Unicode definition (HO)
Now handling font encoding PU ...
... no UTF-8 mapping file for font encoding PU
)
Package hyperref Info: Option `unicode' set `true' on input line 4073.
Package hyperref Info: Option `breaklinks' set `true' on input line 4073.
Package hyperref Info: Option `hypertexnames' set `false' on input line 4073.
Package hyperref Info: Hyper figures OFF on input line 4192.
Package hyperref Info: Link nesting OFF on input line 4197.
Package hyperref Info: Hyper index ON on input line 4200.
Package hyperref Info: Plain pages OFF on input line 4207.
Package hyperref Info: Backreferencing OFF on input line 4212.
Package hyperref Info: Implicit mode ON; LaTeX internals redefined.
Package hyperref Info: Bookmarks ON on input line 4445.
\c@Hy@tempcnt=\count274
 (C:\MiKTeX\tex/latex/url\url.sty
\Urlmuskip=\muskip16
Package: url 2013/09/16  ver 3.4  Verb mode for urls, etc.
)
LaTeX Info: Redefining \url on input line 4804.
\XeTeXLinkMargin=\dimen156

(C:\MiKTeX\tex/generic/bitset\bitset.sty
Package: bitset 2019/12/09 v1.3 Handle bit-vector datatype (HO)

(C:\MiKTeX\tex/generic/bigintcalc\bigintcalc.sty
Package: bigintcalc 2019/12/15 v1.5 Expandable calculations on big integers (HO
)
))
\Fld@menulength=\count275
\Field@Width=\dimen157
\Fld@charsize=\dimen158
Package hyperref Info: Hyper figures OFF on input line 6075.
Package hyperref Info: Link nesting OFF on input line 6080.
Package hyperref Info: Hyper index ON on input line 6083.
Package hyperref Info: backreferencing OFF on input line 6090.
Package hyperref Info: Link coloring OFF on input line 6095.
Package hyperref Info: Link coloring with OCG OFF on input line 6100.
Package hyperref Info: PDF/A mode OFF on input line 6105.
LaTeX Info: Redefining \ref on input line 6145.
LaTeX Info: Redefining \pageref on input line 6149.

(C:\MiKTeX\tex/latex/base\atbegshi-ltx.sty
Package: atbegshi-ltx 2020/08/17 v1.0a Emulation of the original atbegshi packa
ge
with kernel methods
)
\Hy@abspage=\count276
\c@Item=\count277
\c@Hfootnote=\count278
)
Package hyperref Info: Driver (autodetected): hpdftex.

(C:\MiKTeX\tex/latex/hyperref\hpdftex.def
File: hpdftex.def 2021-02-27 v7.00k Hyperref driver for pdfTeX

(C:\MiKTeX\tex/latex/base\atveryend-ltx.sty
Package: atveryend-ltx 2020/08/19 v1.0a Emulation of the original atvery packag
e
with kernel methods
)
\Fld@listcount=\count279
\c@bookmark@seq@number=\count280

(C:\MiKTeX\tex/latex/rerunfilecheck\rerunfilecheck.sty
Package: rerunfilecheck 2019/12/05 v1.9 Rerun checks for auxiliary files (HO)

(C:\MiKTeX\tex/generic/uniquecounter\uniquecounter.sty
Package: uniquecounter 2019/12/15 v1.4 Provide unlimited unique counter (HO)
)
Package uniquecounter Info: New unique counter `rerunfilecheck' on input line 2
86.
)
\Hy@SectionHShift=\skip83
)
Package hyperref Info: Option `colorlinks' set `true' on input line 115.

(C:\MiKTeX\tex/latex/graphics\graphicx.sty
Package: graphicx 2020/09/09 v1.2b Enhanced LaTeX Graphics (DPC,SPQR)

(C:\MiKTeX\tex/latex/graphics\graphics.sty
Package: graphics 2020/08/30 v1.4c Standard LaTeX Graphics (DPC,SPQR)

(C:\MiKTeX\tex/latex/graphics\trig.sty
Package: trig 2016/01/03 v1.10 sin cos tan (DPC)
)
(C:\MiKTeX\tex/latex/graphics-cfg\graphics.cfg
File: graphics.cfg 2016/06/04 v1.11 sample graphics configuration
)
Package graphics Info: Driver file: pdftex.def on input line 105.

(C:\MiKTeX\tex/latex/graphics-def\pdftex.def
File: pdftex.def 2020/10/05 v1.2a Graphics/color driver for pdftex
))
\Gin@req@height=\dimen159
\Gin@req@width=\dimen160
)
(C:\MiKTeX\tex/latex/subfig\subfig.sty
Package: subfig 2005/06/28 ver: 1.3 subfig package
 (C:\MiKTeX\tex/latex/caption\caption.sty
Package: caption 2020/10/26 v3.5g Customizing captions (AR)
(C:\MiKTeX\tex/latex/caption\caption3.sty
Package: caption3 2020/10/21 v2.2e caption3 kernel (AR)
\captionmargin=\dimen161
\captionmargin@=\dimen162
\captionwidth=\dimen163
\caption@tempdima=\dimen164
\caption@indent=\dimen165
\caption@parindent=\dimen166
\caption@hangindent=\dimen167
Package caption Info: Standard document class detected.
)
\c@caption@flags=\count281
\c@continuedfloat=\count282
Package caption Info: hyperref package is loaded.
)
\c@KVtest=\count283
\sf@farskip=\skip84
\sf@captopadj=\dimen168
\sf@capskip=\skip85
\sf@nearskip=\skip86
\c@subfigure=\count284
\c@subfigure@save=\count285
\c@subtable=\count286
\c@subtable@save=\count287
\sf@top=\skip87
\sf@bottom=\skip88
)
(C:\MiKTeX\tex/latex/pgf/frontendlayer\tikz.sty
(C:\MiKTeX\tex/latex/pgf/basiclayer\pgf.sty
(C:\MiKTeX\tex/latex/pgf/utilities\pgfrcs.sty
(C:\MiKTeX\tex/generic/pgf/utilities\pgfutil-common.tex
\pgfutil@everybye=\toks23
\pgfutil@tempdima=\dimen169
\pgfutil@tempdimb=\dimen170

(C:\MiKTeX\tex/generic/pgf/utilities\pgfutil-common-lists.tex))
(C:\MiKTeX\tex/generic/pgf/utilities\pgfutil-latex.def
\pgfutil@abb=\box49
)
(C:\MiKTeX\tex/generic/pgf/utilities\pgfrcs.code.tex
(C:\MiKTeX\tex/generic/pgf\pgf.revision.tex)
Package: pgfrcs 2020/12/27 v3.1.8b (3.1.8b)
))
Package: pgf 2020/12/27 v3.1.8b (3.1.8b)

(C:\MiKTeX\tex/latex/pgf/basiclayer\pgfcore.sty
(C:\MiKTeX\tex/latex/pgf/systemlayer\pgfsys.sty
(C:\MiKTeX\tex/generic/pgf/systemlayer\pgfsys.code.tex
Package: pgfsys 2020/12/27 v3.1.8b (3.1.8b)

(C:\MiKTeX\tex/generic/pgf/utilities\pgfkeys.code.tex
\pgfkeys@pathtoks=\toks24
\pgfkeys@temptoks=\toks25

(C:\MiKTeX\tex/generic/pgf/utilities\pgfkeysfiltered.code.tex
\pgfkeys@tmptoks=\toks26
))
\pgf@x=\dimen171
\pgf@y=\dimen172
\pgf@xa=\dimen173
\pgf@ya=\dimen174
\pgf@xb=\dimen175
\pgf@yb=\dimen176
\pgf@xc=\dimen177
\pgf@yc=\dimen178
\pgf@xd=\dimen179
\pgf@yd=\dimen180
\w@pgf@writea=\write3
\r@pgf@reada=\read3
\c@pgf@counta=\count288
\c@pgf@countb=\count289
\c@pgf@countc=\count290
\c@pgf@countd=\count291
\t@pgf@toka=\toks27
\t@pgf@tokb=\toks28
\t@pgf@tokc=\toks29
\pgf@sys@id@count=\count292

(C:\MiKTeX\tex/generic/pgf/systemlayer\pgf.cfg
File: pgf.cfg 2020/12/27 v3.1.8b (3.1.8b)
)
Driver file for pgf: pgfsys-pdftex.def

(C:\MiKTeX\tex/generic/pgf/systemlayer\pgfsys-pdftex.def
File: pgfsys-pdftex.def 2020/12/27 v3.1.8b (3.1.8b)

(C:\MiKTeX\tex/generic/pgf/systemlayer\pgfsys-common-pdf.def
File: pgfsys-common-pdf.def 2020/12/27 v3.1.8b (3.1.8b)
)))
(C:\MiKTeX\tex/generic/pgf/systemlayer\pgfsyssoftpath.code.tex
File: pgfsyssoftpath.code.tex 2020/12/27 v3.1.8b (3.1.8b)
\pgfsyssoftpath@smallbuffer@items=\count293
\pgfsyssoftpath@bigbuffer@items=\count294
)
(C:\MiKTeX\tex/generic/pgf/systemlayer\pgfsysprotocol.code.tex
File: pgfsysprotocol.code.tex 2020/12/27 v3.1.8b (3.1.8b)
))
(C:\MiKTeX\tex/latex/xcolor\xcolor.sty
Package: xcolor 2016/05/11 v2.12 LaTeX color extensions (UK)

(C:\MiKTeX\tex/latex/graphics-cfg\color.cfg
File: color.cfg 2016/01/02 v1.6 sample color configuration
)
Package xcolor Info: Driver file: pdftex.def on input line 225.
Package xcolor Info: Model `cmy' substituted by `cmy0' on input line 1348.
Package xcolor Info: Model `hsb' substituted by `rgb' on input line 1352.
Package xcolor Info: Model `RGB' extended on input line 1364.
Package xcolor Info: Model `HTML' substituted by `rgb' on input line 1366.
Package xcolor Info: Model `Hsb' substituted by `hsb' on input line 1367.
Package xcolor Info: Model `tHsb' substituted by `hsb' on input line 1368.
Package xcolor Info: Model `HSB' substituted by `hsb' on input line 1369.
Package xcolor Info: Model `Gray' substituted by `gray' on input line 1370.
Package xcolor Info: Model `wave' substituted by `hsb' on input line 1371.
)
(C:\MiKTeX\tex/generic/pgf/basiclayer\pgfcore.code.tex
Package: pgfcore 2020/12/27 v3.1.8b (3.1.8b)

(C:\MiKTeX\tex/generic/pgf/math\pgfmath.code.tex
(C:\MiKTeX\tex/generic/pgf/math\pgfmathcalc.code.tex
(C:\MiKTeX\tex/generic/pgf/math\pgfmathutil.code.tex)
(C:\MiKTeX\tex/generic/pgf/math\pgfmathparser.code.tex
\pgfmath@dimen=\dimen181
\pgfmath@count=\count295
\pgfmath@box=\box50
\pgfmath@toks=\toks30
\pgfmath@stack@operand=\toks31
\pgfmath@stack@operation=\toks32
)
(C:\MiKTeX\tex/generic/pgf/math\pgfmathfunctions.code.tex
(C:\MiKTeX\tex/generic/pgf/math\pgfmathfunctions.basic.code.tex)
(C:\MiKTeX\tex/generic/pgf/math\pgfmathfunctions.trigonometric.code.tex)
(C:\MiKTeX\tex/generic/pgf/math\pgfmathfunctions.random.code.tex)
(C:\MiKTeX\tex/generic/pgf/math\pgfmathfunctions.comparison.code.tex)
(C:\MiKTeX\tex/generic/pgf/math\pgfmathfunctions.base.code.tex)
(C:\MiKTeX\tex/generic/pgf/math\pgfmathfunctions.round.code.tex)
(C:\MiKTeX\tex/generic/pgf/math\pgfmathfunctions.misc.code.tex)
(C:\MiKTeX\tex/generic/pgf/math\pgfmathfunctions.integerarithmetics.code.tex)))
(C:\MiKTeX\tex/generic/pgf/math\pgfmathfloat.code.tex
\c@pgfmathroundto@lastzeros=\count296
))
(C:\MiKTeX\tex/generic/pgf/math\pgfint.code.tex)
(C:\MiKTeX\tex/generic/pgf/basiclayer\pgfcorepoints.code.tex
File: pgfcorepoints.code.tex 2020/12/27 v3.1.8b (3.1.8b)
\pgf@picminx=\dimen182
\pgf@picmaxx=\dimen183
\pgf@picminy=\dimen184
\pgf@picmaxy=\dimen185
\pgf@pathminx=\dimen186
\pgf@pathmaxx=\dimen187
\pgf@pathminy=\dimen188
\pgf@pathmaxy=\dimen189
\pgf@xx=\dimen190
\pgf@xy=\dimen191
\pgf@yx=\dimen192
\pgf@yy=\dimen193
\pgf@zx=\dimen194
\pgf@zy=\dimen195
)
(C:\MiKTeX\tex/generic/pgf/basiclayer\pgfcorepathconstruct.code.tex
File: pgfcorepathconstruct.code.tex 2020/12/27 v3.1.8b (3.1.8b)
\pgf@path@lastx=\dimen196
\pgf@path@lasty=\dimen197
)
(C:\MiKTeX\tex/generic/pgf/basiclayer\pgfcorepathusage.code.tex
File: pgfcorepathusage.code.tex 2020/12/27 v3.1.8b (3.1.8b)
\pgf@shorten@end@additional=\dimen198
\pgf@shorten@start@additional=\dimen199
)
(C:\MiKTeX\tex/generic/pgf/basiclayer\pgfcorescopes.code.tex
File: pgfcorescopes.code.tex 2020/12/27 v3.1.8b (3.1.8b)
\pgfpic=\box51
\pgf@hbox=\box52
\pgf@layerbox@main=\box53
\pgf@picture@serial@count=\count297
)
(C:\MiKTeX\tex/generic/pgf/basiclayer\pgfcoregraphicstate.code.tex
File: pgfcoregraphicstate.code.tex 2020/12/27 v3.1.8b (3.1.8b)
\pgflinewidth=\dimen256
)
(C:\MiKTeX\tex/generic/pgf/basiclayer\pgfcoretransformations.code.tex
File: pgfcoretransformations.code.tex 2020/12/27 v3.1.8b (3.1.8b)
\pgf@pt@x=\dimen257
\pgf@pt@y=\dimen258
\pgf@pt@temp=\dimen259
)
(C:\MiKTeX\tex/generic/pgf/basiclayer\pgfcorequick.code.tex
File: pgfcorequick.code.tex 2020/12/27 v3.1.8b (3.1.8b)
)
(C:\MiKTeX\tex/generic/pgf/basiclayer\pgfcoreobjects.code.tex
File: pgfcoreobjects.code.tex 2020/12/27 v3.1.8b (3.1.8b)
)
(C:\MiKTeX\tex/generic/pgf/basiclayer\pgfcorepathprocessing.code.tex
File: pgfcorepathprocessing.code.tex 2020/12/27 v3.1.8b (3.1.8b)
)
(C:\MiKTeX\tex/generic/pgf/basiclayer\pgfcorearrows.code.tex
File: pgfcorearrows.code.tex 2020/12/27 v3.1.8b (3.1.8b)
\pgfarrowsep=\dimen260
)
(C:\MiKTeX\tex/generic/pgf/basiclayer\pgfcoreshade.code.tex
File: pgfcoreshade.code.tex 2020/12/27 v3.1.8b (3.1.8b)
\pgf@max=\dimen261
\pgf@sys@shading@range@num=\count298
\pgf@shadingcount=\count299
)
(C:\MiKTeX\tex/generic/pgf/basiclayer\pgfcoreimage.code.tex
File: pgfcoreimage.code.tex 2020/12/27 v3.1.8b (3.1.8b)

(C:\MiKTeX\tex/generic/pgf/basiclayer\pgfcoreexternal.code.tex
File: pgfcoreexternal.code.tex 2020/12/27 v3.1.8b (3.1.8b)
\pgfexternal@startupbox=\box54
))
(C:\MiKTeX\tex/generic/pgf/basiclayer\pgfcorelayers.code.tex
File: pgfcorelayers.code.tex 2020/12/27 v3.1.8b (3.1.8b)
)
(C:\MiKTeX\tex/generic/pgf/basiclayer\pgfcoretransparency.code.tex
File: pgfcoretransparency.code.tex 2020/12/27 v3.1.8b (3.1.8b)
)
(C:\MiKTeX\tex/generic/pgf/basiclayer\pgfcorepatterns.code.tex
File: pgfcorepatterns.code.tex 2020/12/27 v3.1.8b (3.1.8b)
)
(C:\MiKTeX\tex/generic/pgf/basiclayer\pgfcorerdf.code.tex
File: pgfcorerdf.code.tex 2020/12/27 v3.1.8b (3.1.8b)
)))
(C:\MiKTeX\tex/generic/pgf/modules\pgfmoduleshapes.code.tex
File: pgfmoduleshapes.code.tex 2020/12/27 v3.1.8b (3.1.8b)
\pgfnodeparttextbox=\box55
)
(C:\MiKTeX\tex/generic/pgf/modules\pgfmoduleplot.code.tex
File: pgfmoduleplot.code.tex 2020/12/27 v3.1.8b (3.1.8b)
)
(C:\MiKTeX\tex/latex/pgf/compatibility\pgfcomp-version-0-65.sty
Package: pgfcomp-version-0-65 2020/12/27 v3.1.8b (3.1.8b)
\pgf@nodesepstart=\dimen262
\pgf@nodesepend=\dimen263
)
(C:\MiKTeX\tex/latex/pgf/compatibility\pgfcomp-version-1-18.sty
Package: pgfcomp-version-1-18 2020/12/27 v3.1.8b (3.1.8b)
))
(C:\MiKTeX\tex/latex/pgf/utilities\pgffor.sty
(C:\MiKTeX\tex/latex/pgf/utilities\pgfkeys.sty
(C:\MiKTeX\tex/generic/pgf/utilities\pgfkeys.code.tex))
(C:\MiKTeX\tex/latex/pgf/math\pgfmath.sty
(C:\MiKTeX\tex/generic/pgf/math\pgfmath.code.tex))
(C:\MiKTeX\tex/generic/pgf/utilities\pgffor.code.tex
Package: pgffor 2020/12/27 v3.1.8b (3.1.8b)

(C:\MiKTeX\tex/generic/pgf/math\pgfmath.code.tex)
\pgffor@iter=\dimen264
\pgffor@skip=\dimen265
\pgffor@stack=\toks33
\pgffor@toks=\toks34
))
(C:\MiKTeX\tex/generic/pgf/frontendlayer/tikz\tikz.code.tex
Package: tikz 2020/12/27 v3.1.8b (3.1.8b)

(C:\MiKTeX\tex/generic/pgf/libraries\pgflibraryplothandlers.code.tex
File: pgflibraryplothandlers.code.tex 2020/12/27 v3.1.8b (3.1.8b)
\pgf@plot@mark@count=\count300
\pgfplotmarksize=\dimen266
)
\tikz@lastx=\dimen267
\tikz@lasty=\dimen268
\tikz@lastxsaved=\dimen269
\tikz@lastysaved=\dimen270
\tikz@lastmovetox=\dimen271
\tikz@lastmovetoy=\dimen272
\tikzleveldistance=\dimen273
\tikzsiblingdistance=\dimen274
\tikz@figbox=\box56
\tikz@figbox@bg=\box57
\tikz@tempbox=\box58
\tikz@tempbox@bg=\box59
\tikztreelevel=\count301
\tikznumberofchildren=\count302
\tikznumberofcurrentchild=\count303
\tikz@fig@count=\count304

(C:\MiKTeX\tex/generic/pgf/modules\pgfmodulematrix.code.tex
File: pgfmodulematrix.code.tex 2020/12/27 v3.1.8b (3.1.8b)
\pgfmatrixcurrentrow=\count305
\pgfmatrixcurrentcolumn=\count306
\pgf@matrix@numberofcolumns=\count307
)
\tikz@expandcount=\count308

(C:\MiKTeX\tex/generic/pgf/frontendlayer/tikz/libraries\tikzlibrarytopaths.code
.tex
File: tikzlibrarytopaths.code.tex 2020/12/27 v3.1.8b (3.1.8b)
)))
(C:\MiKTeX\tex/generic/pgf/frontendlayer/tikz/libraries\tikzlibraryshapes.code.
tex
File: tikzlibraryshapes.code.tex 2020/12/27 v3.1.8b (3.1.8b)

(C:\MiKTeX\tex/generic/pgf/frontendlayer/tikz/libraries\tikzlibraryshapes.geome
tric.code.tex
File: tikzlibraryshapes.geometric.code.tex 2020/12/27 v3.1.8b (3.1.8b)

(C:\MiKTeX\tex/generic/pgf/libraries/shapes\pgflibraryshapes.geometric.code.tex
File: pgflibraryshapes.geometric.code.tex 2020/12/27 v3.1.8b (3.1.8b)
))
(C:\MiKTeX\tex/generic/pgf/frontendlayer/tikz/libraries\tikzlibraryshapes.misc.
code.tex
File: tikzlibraryshapes.misc.code.tex 2020/12/27 v3.1.8b (3.1.8b)

(C:\MiKTeX\tex/generic/pgf/libraries/shapes\pgflibraryshapes.misc.code.tex
File: pgflibraryshapes.misc.code.tex 2020/12/27 v3.1.8b (3.1.8b)
))
(C:\MiKTeX\tex/generic/pgf/frontendlayer/tikz/libraries\tikzlibraryshapes.symbo
ls.code.tex
File: tikzlibraryshapes.symbols.code.tex 2020/12/27 v3.1.8b (3.1.8b)

(C:\MiKTeX\tex/generic/pgf/libraries/shapes\pgflibraryshapes.symbols.code.tex
File: pgflibraryshapes.symbols.code.tex 2020/12/27 v3.1.8b (3.1.8b)
))
(C:\MiKTeX\tex/generic/pgf/frontendlayer/tikz/libraries\tikzlibraryshapes.arrow
s.code.tex
File: tikzlibraryshapes.arrows.code.tex 2020/12/27 v3.1.8b (3.1.8b)

(C:\MiKTeX\tex/generic/pgf/libraries/shapes\pgflibraryshapes.arrows.code.tex
File: pgflibraryshapes.arrows.code.tex 2020/12/27 v3.1.8b (3.1.8b)
))
(C:\MiKTeX\tex/generic/pgf/frontendlayer/tikz/libraries\tikzlibraryshapes.callo
uts.code.tex
(C:\MiKTeX\tex/generic/pgf/libraries/shapes\pgflibraryshapes.callouts.code.tex)
)
(C:\MiKTeX\tex/generic/pgf/frontendlayer/tikz/libraries\tikzlibraryshapes.multi
part.code.tex
File: tikzlibraryshapes.multipart.code.tex 2020/12/27 v3.1.8b (3.1.8b)

(C:\MiKTeX\tex/generic/pgf/libraries/shapes\pgflibraryshapes.multipart.code.tex
File: pgflibraryshapes.multipart.code.tex 2020/12/27 v3.1.8b (3.1.8b)
\pgfnodepartlowerbox=\box60
\pgfnodeparttwobox=\box61
\pgfnodepartthreebox=\box62
\pgfnodepartfourbox=\box63
\pgfnodeparttwentybox=\box64
\pgfnodepartnineteenbox=\box65
\pgfnodeparteighteenbox=\box66
\pgfnodepartseventeenbox=\box67
\pgfnodepartsixteenbox=\box68
\pgfnodepartfifteenbox=\box69
\pgfnodepartfourteenbox=\box70
\pgfnodepartthirteenbox=\box71
\pgfnodeparttwelvebox=\box72
\pgfnodepartelevenbox=\box73
\pgfnodeparttenbox=\box74
\pgfnodepartninebox=\box75
\pgfnodeparteightbox=\box76
\pgfnodepartsevenbox=\box77
\pgfnodepartsixbox=\box78
\pgfnodepartfivebox=\box79
)))
(C:\MiKTeX\tex/generic/pgf/frontendlayer/tikz/libraries\tikzlibraryarrows.code.
tex
File: tikzlibraryarrows.code.tex 2020/12/27 v3.1.8b (3.1.8b)
 (C:\MiKTeX\tex/generic/pgf/libraries\pgflibraryarrows.code.tex
File: pgflibraryarrows.code.tex 2020/12/27 v3.1.8b (3.1.8b)
\arrowsize=\dimen275
))
(C:\MiKTeX\tex/latex/latex-tools\tabularx.sty
Package: tabularx 2020/01/15 v2.11c `tabularx' package (DPC)

(C:\MiKTeX\tex/latex/latex-tools\array.sty
Package: array 2020/10/01 v2.5c Tabular extension package (FMi)
\col@sep=\dimen276
\ar@mcellbox=\box80
\extrarowheight=\dimen277
\NC@list=\toks35
\extratabsurround=\skip89
\backup@length=\skip90
\ar@cellbox=\box81
)
\TX@col@width=\dimen278
\TX@old@table=\dimen279
\TX@old@col=\dimen280
\TX@target=\dimen281
\TX@delta=\dimen282
\TX@cols=\count309
\TX@ftn=\toks36
)
(C:\MiKTeX\tex/latex/latex-tools\multicol.sty
Package: multicol 2019/12/09 v1.8y multicolumn formatting (FMi)
\c@tracingmulticols=\count310
\mult@box=\box82
\multicol@leftmargin=\dimen283
\c@unbalance=\count311
\c@collectmore=\count312
\doublecol@number=\count313
\multicoltolerance=\count314
\multicolpretolerance=\count315
\full@width=\dimen284
\page@free=\dimen285
\premulticols=\dimen286
\postmulticols=\dimen287
\multicolsep=\skip91
\multicolbaselineskip=\skip92
\partial@page=\box83
\last@line=\box84
\maxbalancingoverflow=\dimen288
\mult@rightbox=\box85
\mult@grightbox=\box86
\mult@gfirstbox=\box87
\mult@firstbox=\box88
\@tempa=\box89
\@tempa=\box90
\@tempa=\box91
\@tempa=\box92
\@tempa=\box93
\@tempa=\box94
\@tempa=\box95
\@tempa=\box96
\@tempa=\box97
\@tempa=\box98
\@tempa=\box99
\@tempa=\box100
\@tempa=\box101
\@tempa=\box102
\@tempa=\box103
\@tempa=\box104
\@tempa=\box105
\@tempa=\box106
\@tempa=\box107
\@tempa=\box108
\@tempa=\box109
\@tempa=\box110
\@tempa=\box111
\@tempa=\box112
\@tempa=\box113
\@tempa=\box114
\@tempa=\box115
\@tempa=\box116
\@tempa=\box117
\@tempa=\box118
\@tempa=\box119
\@tempa=\box120
\@tempa=\box121
\@tempa=\box122
\@tempa=\box123
\@tempa=\box124
\@tempa=\box125
\c@minrows=\count316
\c@columnbadness=\count317
\c@finalcolumnbadness=\count318
\last@try=\dimen289
\multicolovershoot=\dimen290
\multicolundershoot=\dimen291
\mult@nat@firstbox=\box126
\colbreak@box=\box127
\mc@col@check@num=\count319
)
(C:\MiKTeX\tex/latex/placeins\placeins.sty
Package: placeins 2005/04/18  v 2.2
)
(C:\MiKTeX\tex/latex/amsmath\amsmath.sty
Package: amsmath 2020/09/23 v2.17i AMS math features
\@mathmargin=\skip93

For additional information on amsmath, use the `?' option.
(C:\MiKTeX\tex/latex/amsmath\amstext.sty
Package: amstext 2000/06/29 v2.01 AMS text

(C:\MiKTeX\tex/latex/amsmath\amsgen.sty
File: amsgen.sty 1999/11/30 v2.0 generic functions
\@emptytoks=\toks37
\ex@=\dimen292
))
(C:\MiKTeX\tex/latex/amsmath\amsbsy.sty
Package: amsbsy 1999/11/29 v1.2d Bold Symbols
\pmbraise@=\dimen293
)
(C:\MiKTeX\tex/latex/amsmath\amsopn.sty
Package: amsopn 2016/03/08 v2.02 operator names
)
\inf@bad=\count320
LaTeX Info: Redefining \frac on input line 234.
\uproot@=\count321
\leftroot@=\count322
LaTeX Info: Redefining \overline on input line 399.
\classnum@=\count323
\DOTSCASE@=\count324
LaTeX Info: Redefining \ldots on input line 496.
LaTeX Info: Redefining \dots on input line 499.
LaTeX Info: Redefining \cdots on input line 620.
\Mathstrutbox@=\box128
\strutbox@=\box129
\big@size=\dimen294
LaTeX Font Info:    Redeclaring font encoding OML on input line 743.
LaTeX Font Info:    Redeclaring font encoding OMS on input line 744.
\macc@depth=\count325
\c@MaxMatrixCols=\count326
\dotsspace@=\muskip17
\c@parentequation=\count327
\dspbrk@lvl=\count328
\tag@help=\toks38
\row@=\count329
\column@=\count330
\maxfields@=\count331
\andhelp@=\toks39
\eqnshift@=\dimen295
\alignsep@=\dimen296
\tagshift@=\dimen297
\tagwidth@=\dimen298
\totwidth@=\dimen299
\lineht@=\dimen300
\@envbody=\toks40
\multlinegap=\skip94
\multlinetaggap=\skip95
\mathdisplay@stack=\toks41
LaTeX Info: Redefining \[ on input line 2923.
LaTeX Info: Redefining \] on input line 2924.
)
(C:\MiKTeX\tex/latex/amsfonts\amssymb.sty
Package: amssymb 2013/01/14 v3.01 AMS font symbols

(C:\MiKTeX\tex/latex/amsfonts\amsfonts.sty
Package: amsfonts 2013/01/14 v3.01 Basic AMSFonts support
\symAMSa=\mathgroup4
\symAMSb=\mathgroup5
LaTeX Font Info:    Redeclaring math symbol \hbar on input line 98.
LaTeX Font Info:    Overwriting math alphabet `\mathfrak' in version `bold'
(Font)                  U/euf/m/n --> U/euf/b/n on input line 106.
))
(C:\MiKTeX\tex/latex/siunitx\siunitx.sty
(C:\MiKTeX\tex/latex/l3kernel\expl3.sty
Package: expl3 2021-05-07 L3 programming layer (loader) 

(C:\MiKTeX\tex/latex/l3backend\l3backend-pdftex.def
File: l3backend-pdftex.def 2021-05-07 L3 backend support: PDF output (pdfTeX)
\l__color_backend_stack_int=\count332
\l__pdf_internal_box=\box130
))
(C:\MiKTeX\tex/latex/l3packages/xparse\xparse.sty
(C:\MiKTeX\tex/latex/l3packages/xparse\xparse-2020-10-01.sty
(C:\MiKTeX\tex/latex/l3packages/xparse\xparse-generic.tex)))
Package: siunitx 2021-04-17 v2.8e A comprehensive (SI) units package

(C:\MiKTeX\tex/latex/l3packages/l3keys2e\l3keys2e.sty
Package: l3keys2e 2021-05-07 LaTeX2e option processing using LaTeX3 keys
)
\l__siunitx_tmp_box=\box131
\l__siunitx_tmp_dim=\dimen301
\l__siunitx_tmp_int=\count333
\l__siunitx_number_mantissa_length_int=\count334
\l__siunitx_number_uncert_length_int=\count335
\l__siunitx_round_int=\count336
\l__siunitx_process_decimal_int=\count337
\l__siunitx_process_uncertainty_int=\count338
\l__siunitx_process_fixed_int=\count339
\l__siunitx_process_integer_min_int=\count340
\l__siunitx_process_precision_int=\count341
\l__siunitx_group_min_int=\count342
\l__siunitx_angle_marker_box=\box132
\l__siunitx_angle_unit_box=\box133
\l__siunitx_angle_marker_dim=\dimen302
\l__siunitx_angle_unit_dim=\dimen303
\l__siunitx_unit_int=\count343
\l__siunitx_unit_denominator_int=\count344
\l__siunitx_unit_numerator_int=\count345
\l__siunitx_unit_prefix_int=\count346
\l__siunitx_unit_prefix_base_int=\count347
\l__siunitx_unit_prefix_gram_int=\count348
\l__siunitx_number_product_int=\count349
\c__siunitx_one_fill_skip=\skip96
\l__siunitx_table_unit_align_skip=\skip97
\l__siunitx_table_exponent_dim=\dimen304
\l__siunitx_table_integer_dim=\dimen305
\l__siunitx_table_mantissa_dim=\dimen306
\l__siunitx_table_marker_dim=\dimen307
\l__siunitx_table_result_dim=\dimen308
\l__siunitx_table_uncert_dim=\dimen309
\l__siunitx_table_fill_pre_dim=\dimen310
\l__siunitx_table_fill_post_dim=\dimen311
\l__siunitx_table_fill_mid_dim=\dimen312
\l__siunitx_table_pre_box=\box134
\l__siunitx_table_post_box=\box135
\l__siunitx_table_mantissa_box=\box136
\l__siunitx_table_result_box=\box137
\l__siunitx_table_number_align_skip=\skip98
\l__siunitx_table_text_align_skip=\skip99

(C:\MiKTeX\tex/latex/translator\translator.sty
Package: translator 2020-08-03 v1.12c Easy translation of strings in LaTeX
))
(C:\MiKTeX\tex/latex/listings\listings.sty
\lst@mode=\count350
\lst@gtempboxa=\box138
\lst@token=\toks42
\lst@length=\count351
\lst@currlwidth=\dimen313
\lst@column=\count352
\lst@pos=\count353
\lst@lostspace=\dimen314
\lst@width=\dimen315
\lst@newlines=\count354
\lst@lineno=\count355
\lst@maxwidth=\dimen316

(C:\MiKTeX\tex/latex/listings\lstmisc.sty
File: lstmisc.sty 2020/03/24 1.8d (Carsten Heinz)
\lst@fmtcurrindent=\dimen317
\lst@newlinesensured=\count356
\c@lstnumber=\count357
\lst@skipnumbers=\count358
\lst@framebox=\box139
)
(C:\MiKTeX\tex/latex/listings\listings.cfg
File: listings.cfg 2020/03/24 1.8d listings configuration
))
Package: listings 2020/03/24 1.8d (Carsten Heinz)
)
Package csquotes Info: Checking for multilingual support...
Package csquotes Info: ... found 'babel' package.
Package csquotes Info: Adjusting default style.
Package csquotes Info: Redefining alias 'default' -> 'czech'.
LaTeX Font Info:    Trying to load font information for T1+lmr on input line 24
.
 (C:\MiKTeX\tex/latex/lm\t1lmr.fd
File: t1lmr.fd 2009/10/30 v1.6 Font defs for Latin Modern
)<<t1.cmap>> (MPC-DIS.aux (text/01.aux) (text/02.aux) (text/03.aux) (text/04.au
x) (text/05.aux) (text/06.aux) (text/07.aux) (text/08.aux) (text/09.aux))
\openout1 = `MPC-DIS.aux'.

LaTeX Font Info:    Checking defaults for OML/cmm/m/it on input line 24.
LaTeX Font Info:    ... okay on input line 24.
LaTeX Font Info:    Checking defaults for OMS/cmsy/m/n on input line 24.
LaTeX Font Info:    ... okay on input line 24.
LaTeX Font Info:    Checking defaults for OT1/cmr/m/n on input line 24.
LaTeX Font Info:    ... okay on input line 24.
LaTeX Font Info:    Checking defaults for T1/cmr/m/n on input line 24.
LaTeX Font Info:    ... okay on input line 24.
LaTeX Font Info:    Checking defaults for TS1/cmr/m/n on input line 24.
LaTeX Font Info:    ... okay on input line 24.
LaTeX Font Info:    Checking defaults for OMX/cmex/m/n on input line 24.
LaTeX Font Info:    ... okay on input line 24.
LaTeX Font Info:    Checking defaults for U/cmr/m/n on input line 24.
LaTeX Font Info:    ... okay on input line 24.
LaTeX Font Info:    Checking defaults for PD1/pdf/m/n on input line 24.
LaTeX Font Info:    ... okay on input line 24.
LaTeX Font Info:    Checking defaults for PU/pdf/m/n on input line 24.
LaTeX Font Info:    ... okay on input line 24.

*geometry* driver: auto-detecting
*geometry* detected driver: pdftex
*geometry* verbose mode - [ preamble ] result:
* driver: pdftex
* paper: a4paper
* layout: <same size as paper>
* layoutoffset:(h,v)=(0.0pt,0.0pt)
* modes: twoside 
* h-part:(L,W,R)=(85.35826pt, 455.24411pt, 56.9055pt)
* v-part:(T,H,B)=(71.13188pt, 702.78308pt, 71.13188pt)
* \paperwidth=597.50787pt
* \paperheight=845.04684pt
* \textwidth=455.24411pt
* \textheight=702.78308pt
* \oddsidemargin=13.08827pt
* \evensidemargin=-15.36449pt
* \topmargin=-1.1381pt
* \headheight=0.0pt
* \headsep=0.0pt
* \topskip=12.0pt
* \footskip=48.36967pt
* \marginparwidth=85.0pt
* \marginparsep=10.0pt
* \columnsep=10.0pt
* \skip\footins=10.8pt plus 4.0pt minus 2.0pt
* \hoffset=0.0pt
* \voffset=0.0pt
* \mag=1000
* \@twocolumnfalse
* \@twosidetrue
* \@mparswitchtrue
* \@reversemarginfalse
* (1in=72.27pt=25.4mm, 1cm=28.453pt)

Package hyperref Info: Link coloring ON on input line 24.
(C:\MiKTeX\tex/latex/hyperref\nameref.sty
Package: nameref 2021-04-02 v2.47 Cross-referencing by name of section

(C:\MiKTeX\tex/latex/refcount\refcount.sty
Package: refcount 2019/12/15 v3.6 Data extraction from label references (HO)
)
(C:\MiKTeX\tex/generic/gettitlestring\gettitlestring.sty
Package: gettitlestring 2019/12/15 v1.6 Cleanup title references (HO)
)
\c@section@level=\count359
)
LaTeX Info: Redefining \ref on input line 24.
LaTeX Info: Redefining \pageref on input line 24.
LaTeX Info: Redefining \nameref on input line 24.
 (MPC-DIS.out)
(MPC-DIS.out)
\@outlinefile=\write4
\openout4 = `MPC-DIS.out'.

 (C:\MiKTeX\tex/context/base/mkii\supp-pdf.mkii
[Loading MPS to PDF converter (version 2006.09.02).]
\scratchcounter=\count360
\scratchdimen=\dimen318
\scratchbox=\box140
\nofMPsegments=\count361
\nofMParguments=\count362
\everyMPshowfont=\toks43
\MPscratchCnt=\count363
\MPscratchDim=\dimen319
\MPnumerator=\count364
\makeMPintoPDFobject=\count365
\everyMPtoPDFconversion=\toks44
) (C:\MiKTeX\tex/latex/epstopdf-pkg\epstopdf-base.sty
Package: epstopdf-base 2020-01-24 v2.11 Base part for package epstopdf
Package epstopdf-base Info: Redefining graphics rule for `.eps' on input line 4
85.

(C:\MiKTeX\tex/latex/00miktex\epstopdf-sys.cfg
File: epstopdf-sys.cfg 2021/03/18 v2.0 Configuration of epstopdf for MiKTeX
))
Package caption Info: Begin \AtBeginDocument code.
Package caption Info: subfig package v1.3 is loaded.
Package caption Info: listings package is loaded.
Package caption Info: End \AtBeginDocument code.

(C:\MiKTeX\tex/latex/siunitx\siunitx-abbreviations.cfg
File: siunitx-abbreviations.cfg 2021-04-17 v2.8e siunitx: Abbreviated units
)
(C:\MiKTeX\tex/latex/translator\translator-basic-dictionary-English.dict
Dictionary: translator-basic-dictionary, Language: English 
)
\c@lstlisting=\count366
LaTeX Font Info:    Trying to load font information for OT1+lmr on input line 2
4.

(C:\MiKTeX\tex/latex/lm\ot1lmr.fd
File: ot1lmr.fd 2009/10/30 v1.6 Font defs for Latin Modern
)<<ot1.cmap>>
LaTeX Font Info:    Trying to load font information for OML+lmm on input line 2
4.

(C:\MiKTeX\tex/latex/lm\omllmm.fd
File: omllmm.fd 2009/10/30 v1.6 Font defs for Latin Modern
)<<oml.cmap>>
LaTeX Font Info:    Trying to load font information for OMS+lmsy on input line 
24.

(C:\MiKTeX\tex/latex/lm\omslmsy.fd
File: omslmsy.fd 2009/10/30 v1.6 Font defs for Latin Modern
)<<oms.cmap>>
LaTeX Font Info:    Trying to load font information for OMX+lmex on input line 
24.

(C:\MiKTeX\tex/latex/lm\omxlmex.fd
File: omxlmex.fd 2009/10/30 v1.6 Font defs for Latin Modern
)
LaTeX Font Info:    External font `lmex10' loaded for size
(Font)              <12> on input line 24.
<<omx.cmap>>
LaTeX Font Info:    External font `lmex10' loaded for size
(Font)              <8> on input line 24.
LaTeX Font Info:    External font `lmex10' loaded for size
(Font)              <6> on input line 24.
LaTeX Font Info:    Trying to load font information for U+msa on input line 24.


(C:\MiKTeX\tex/latex/amsfonts\umsa.fd
File: umsa.fd 2013/01/14 v3.01 AMS symbols A
)
LaTeX Font Info:    Trying to load font information for U+msb on input line 24.

 (C:\MiKTeX\tex/latex/amsfonts\umsb.fd
File: umsb.fd 2013/01/14 v3.01 AMS symbols B
)
LaTeX Font Info:    Trying to load font information for OT1+lmss on input line 
24.

(C:\MiKTeX\tex/latex/lm\ot1lmss.fd
File: ot1lmss.fd 2009/10/30 v1.6 Font defs for Latin Modern
)
LaTeX Font Info:    Trying to load font information for OT1+lmtt on input line 
24.
 (C:\MiKTeX\tex/latex/lm\ot1lmtt.fd
File: ot1lmtt.fd 2009/10/30 v1.6 Font defs for Latin Modern
)<<ot1tt.cmap>>
LaTeX Font Info:    Trying to load font information for T1+lmtt on input line 2
6.
 (C:\MiKTeX\tex/latex/lm\t1lmtt.fd
File: t1lmtt.fd 2009/10/30 v1.6 Font defs for Latin Modern
) [1

{C:/Users/Misa/AppData/Local/MiKTeX/pdftex/config/pdftex.map}]
LaTeX Font Info:    Trying to load font information for T1+lmss on input line 2
8.
 (C:\MiKTeX\tex/latex/lm\t1lmss.fd
File: t1lmss.fd 2009/10/30 v1.6 Font defs for Latin Modern
) (MPC-DIS.toc)
\tf@toc=\write5
\openout5 = `MPC-DIS.toc'.


[0]
\openout2 = `text/01.aux'.

 (text/01.tex
<images/Bool.png, id=73, 720.6925pt x 455.7025pt>
File: images/Bool.png Graphic file (type png)
<use images/Bool.png>
Package pdftex.def Info: images/Bool.png  used on input line 19.
(pdftex.def)             Requested size: 432.41884pt x 273.4236pt.

Underfull \hbox (badness 10000) in paragraph at lines 33--35

 []


Underfull \vbox (badness 1960) has occurred while \output is active []

 [1

 <./images/Bool.png>]
Overfull \hbox (0.98792pt too wide) in paragraph at lines 47--52
\T1/lmr/m/n/12 Nej£ast¥ji se po-u-ºí-vají tyto zp·-soby zá-pisu, pop°. zob-ra-z
ení kom-bi-na£-ních lo-gic-kých funkcí: 
 []

<images/Tab.png, id=80, 538.26094pt x 256.70906pt>
File: images/Tab.png Graphic file (type png)
<use images/Tab.png>
Package pdftex.def Info: images/Tab.png  used on input line 60.
(pdftex.def)             Requested size: 322.95906pt x 154.02661pt.

Underfull \hbox (badness 10000) in paragraph at lines 65--71

 []

[2 <./images/Tab.png>]
Underfull \hbox (badness 10000) in paragraph at lines 72--76

 []

<images/AOI.png, id=90, 925.20656pt x 698.61pt>
File: images/AOI.png Graphic file (type png)
<use images/AOI.png>
Package pdftex.def Info: images/AOI.png  used on input line 79.
(pdftex.def)             Requested size: 277.5641pt x 209.58461pt.
<images/minterm.png, id=91, 709.90219pt x 360.59718pt>
File: images/minterm.png Graphic file (type png)
<use images/minterm.png>
Package pdftex.def Info: images/minterm.png  used on input line 86.
(pdftex.def)             Requested size: 425.9446pt x 216.35997pt.
[3 <./images/AOI.png> <./images/minterm.png>]
<images/RS.png, id=100, 412.54124pt x 168.63pt>
File: images/RS.png Graphic file (type png)
<use images/RS.png>
Package pdftex.def Info: images/RS.png  used on input line 117.
(pdftex.def)             Requested size: 247.52666pt x 101.17877pt.
<images/RSNAND.png, id=101, 407.27156pt x 159.59625pt>
File: images/RSNAND.png Graphic file (type png)
<use images/RSNAND.png>
Package pdftex.def Info: images/RSNAND.png  used on input line 123.
(pdftex.def)             Requested size: 244.3648pt x 95.75847pt.
<images/RSsynch.png, id=102, 386.19281pt x 147.55125pt>
File: images/RSsynch.png Graphic file (type png)
<use images/RSsynch.png>
Package pdftex.def Info: images/RSsynch.png  used on input line 136.
(pdftex.def)             Requested size: 231.71745pt x 88.53142pt.
 [4 <./images/RS.png> <./images/RSNAND.png>]
<images/D.png, id=113, 400.49625pt x 155.83218pt>
File: images/D.png Graphic file (type png)
<use images/D.png>
Package pdftex.def Info: images/D.png  used on input line 145.
(pdftex.def)             Requested size: 240.29959pt x 93.50003pt.
<images/JK.png, id=114, 368.1253pt x 161.85469pt>
File: images/JK.png Graphic file (type png)
<use images/JK.png>
Package pdftex.def Info: images/JK.png  used on input line 155.
(pdftex.def)             Requested size: 220.87688pt x 97.11354pt.


LaTeX Warning: `h' float specifier changed to `ht'.

<images/Moor.png, id=115, 416.30531pt x 318.43968pt>
File: images/Moor.png Graphic file (type png)
<use images/Moor.png>
Package pdftex.def Info: images/Moor.png  used on input line 168.
(pdftex.def)             Requested size: 249.78511pt x 191.06528pt.

Underfull \vbox (badness 10000) has occurred while \output is active []

 [5 <./images/RSsynch.png> <./images/D.png>]) [6 <./images/JK.png> <./images/Mo
or.png>]
\openout2 = `text/02.aux'.


(text/02.tex
<images/dioda.png, id=135, 646.66594pt x 299.61937pt>
File: images/dioda.png Graphic file (type png)
<use images/dioda.png>
Package pdftex.def Info: images/dioda.png  used on input line 6.
(pdftex.def)             Requested size: 388.00255pt x 179.77301pt.
<images/NANDBJT.png, id=136, 418.56375pt x 375.65344pt>
File: images/NANDBJT.png Graphic file (type png)
<use images/NANDBJT.png>
Package pdftex.def Info: images/NANDBJT.png  used on input line 14.
(pdftex.def)             Requested size: 251.14018pt x 225.3938pt.
<images/NORBJT.png, id=137, 845.40843pt x 308.65312pt>
File: images/NORBJT.png Graphic file (type png)
<use images/NORBJT.png>
Package pdftex.def Info: images/NORBJT.png  used on input line 22.
(pdftex.def)             Requested size: 507.24896pt x 185.1933pt.

Overfull \hbox (52.00485pt too wide) in paragraph at lines 22--23
 [] 
 []


LaTeX Warning: `h' float specifier changed to `ht'.


Underfull \vbox (badness 1895) has occurred while \output is active []

 [7



 <./images/dioda.png> <./images/NANDBJT.png>]
<images/INVBJT.png, id=148, 304.88907pt x 219.82124pt>
File: images/INVBJT.png Graphic file (type png)
<use images/INVBJT.png>
Package pdftex.def Info: images/INVBJT.png  used on input line 31.
(pdftex.def)             Requested size: 182.93484pt x 131.89375pt.
) [8 <./images/NORBJT.png> <./images/INVBJT.png>]
\openout2 = `text/03.aux'.

 (text/03.tex
File: images/NANDBJT.png Graphic file (type png)
<use images/NANDBJT.png>
Package pdftex.def Info: images/NANDBJT.png  used on input line 6.
(pdftex.def)             Requested size: 251.14018pt x 225.3938pt.
<images/VST.png, id=158, 342.5297pt x 462.97969pt>
File: images/VST.png Graphic file (type png)
<use images/VST.png>
Package pdftex.def Info: images/VST.png  used on input line 14.
(pdftex.def)             Requested size: 205.5194pt x 277.78995pt.


LaTeX Warning: `h' float specifier changed to `ht'.


Underfull \hbox (badness 10000) in paragraph at lines 26--30

 []

[9



] [10 <./images/VST.png>]
<images/Vystup.png, id=179, 313.17pt x 411.78844pt>
File: images/Vystup.png Graphic file (type png)
<use images/Vystup.png>
Package pdftex.def Info: images/Vystup.png  used on input line 43.
(pdftex.def)             Requested size: 187.90344pt x 247.07495pt.
 [11 <./images/Vystup.png>]
<images/Log1.png, id=190, 691.83469pt x 508.90125pt>
File: images/Log1.png Graphic file (type png)
<use images/Log1.png>
Package pdftex.def Info: images/Log1.png  used on input line 58.
(pdftex.def)             Requested size: 415.104pt x 305.34311pt.
 [12 <./images/Log1.png>]
Underfull \hbox (badness 10000) in paragraph at lines 65--69

 []

<images/Prevod.png, id=198, 377.91188pt x 361.35pt>
File: images/Prevod.png Graphic file (type png)
<use images/Prevod.png>
Package pdftex.def Info: images/Prevod.png  used on input line 74.
(pdftex.def)             Requested size: 226.74887pt x 216.81168pt.
LaTeX Font Info:    Trying to load font information for TS1+lmr on input line 7
9.
(C:\MiKTeX\tex/latex/lm\ts1lmr.fd
File: ts1lmr.fd 2009/10/30 v1.6 Font defs for Latin Modern
)
Underfull \hbox (badness 10000) in paragraph at lines 79--84

 []

) [13 <./images/Prevod.png>]
\openout2 = `text/04.aux'.

 (text/04.tex
<images/INVCMOS.png, id=207, 240.9pt x 225.09094pt>
File: images/INVCMOS.png Graphic file (type png)
<use images/INVCMOS.png>
Package pdftex.def Info: images/INVCMOS.png  used on input line 7.
(pdftex.def)             Requested size: 144.5411pt x 135.05559pt.

Underfull \vbox (badness 10000) has occurred while \output is active []

 [14



 <./images/INVCMOS.png>]
<images/NANDCMOS.png, id=215, 386.94562pt x 367.3725pt>
File: images/NANDCMOS.png Graphic file (type png)
<use images/NANDCMOS.png>
Package pdftex.def Info: images/NANDCMOS.png  used on input line 15.
(pdftex.def)             Requested size: 232.16916pt x 220.42519pt.

Underfull \vbox (badness 10000) has occurred while \output is active []

 [15 <./images/NANDCMOS.png>]
<images/ANDCMOS.png, id=223, 393.72093pt x 353.82187pt>
File: images/ANDCMOS.png Graphic file (type png)
<use images/ANDCMOS.png>
Package pdftex.def Info: images/ANDCMOS.png  used on input line 23.
(pdftex.def)             Requested size: 236.23438pt x 212.29475pt.

Underfull \vbox (badness 10000) has occurred while \output is active []

 [16 <./images/ANDCMOS.png>]
<images/NORCMOS.png, id=231, 337.26pt x 330.48468pt>
File: images/NORCMOS.png Graphic file (type png)
<use images/NORCMOS.png>
Package pdftex.def Info: images/NORCMOS.png  used on input line 31.
(pdftex.def)             Requested size: 202.35756pt x 198.29233pt.

Underfull \vbox (badness 10000) has occurred while \output is active []

 [17 <./images/NORCMOS.png>]
<images/ORCMOS.png, id=240, 332.74312pt x 392.21532pt>
File: images/ORCMOS.png Graphic file (type png)
<use images/ORCMOS.png>
Package pdftex.def Info: images/ORCMOS.png  used on input line 40.
(pdftex.def)             Requested size: 199.6474pt x 235.331pt.
) [18 <./images/ORCMOS.png>]
\openout2 = `text/05.aux'.

 (text/05.tex
<images/VstupCMOS.png, id=248, 462.97969pt x 342.5297pt>
File: images/VstupCMOS.png Graphic file (type png)
<use images/VstupCMOS.png>
Package pdftex.def Info: images/VstupCMOS.png  used on input line 6.
(pdftex.def)             Requested size: 277.78995pt x 205.5194pt.
<images/VystupCMOS.png, id=249, 473.51906pt x 353.06906pt>
File: images/VystupCMOS.png Graphic file (type png)
<use images/VystupCMOS.png>
Package pdftex.def Info: images/VystupCMOS.png  used on input line 13.
(pdftex.def)             Requested size: 284.11362pt x 211.84306pt.
 [19



 <./images/VstupCMOS.png> <./images/VystupCMOS.png>]
<images/PrevodCMOS.png, id=259, 419.31656pt x 413.29407pt>
File: images/PrevodCMOS.png Graphic file (type png)
<use images/PrevodCMOS.png>
Package pdftex.def Info: images/PrevodCMOS.png  used on input line 38.
(pdftex.def)             Requested size: 251.59186pt x 247.97835pt.

Underfull \hbox (badness 10000) in paragraph at lines 54--56

 []

[20 <./images/PrevodCMOS.png>]
Underfull \hbox (badness 10000) in paragraph at lines 79--83

 []


Underfull \vbox (badness 10000) has occurred while \output is active []

 [21]
Underfull \hbox (badness 10000) in paragraph at lines 102--106

 []

) [22]
\openout2 = `text/06.aux'.

 (text/06.tex
Overfull \hbox (5.61227pt too wide) in paragraph at lines 2--3
\T1/lmr/m/n/12 -rozd¥lení pa-m¥tí, vlast-nosti, typy, struk-tura. DRAM(1T), SRA
M (6T), EE-PROM, FLASH
 []


Underfull \hbox (badness 10000) in paragraph at lines 5--8

 []


Underfull \hbox (badness 10000) in paragraph at lines 20--26

 []

[23



]
<images/DRAM.png, id=287, 554.82281pt x 304.13625pt>
File: images/DRAM.png Graphic file (type png)
<use images/DRAM.png>
Package pdftex.def Info: images/DRAM.png  used on input line 30.
(pdftex.def)             Requested size: 221.92519pt x 121.65233pt.
<images/DRAM2.png, id=288, 350.81062pt x 268.00125pt>
File: images/DRAM2.png Graphic file (type png)
<use images/DRAM2.png>
Package pdftex.def Info: images/DRAM2.png  used on input line 47.
(pdftex.def)             Requested size: 210.48799pt x 160.80197pt.
 [24 <./images/DRAM.png> <./images/DRAM2.png>]
<images/SRAM.png, id=298, 498.36188pt x 329.73187pt>
File: images/SRAM.png Graphic file (type png)
<use images/SRAM.png>
Package pdftex.def Info: images/SRAM.png  used on input line 55.
(pdftex.def)             Requested size: 299.01942pt x 197.84064pt.
<images/EEPROM.png, id=299, 191.9672pt x 295.85532pt>
File: images/EEPROM.png Graphic file (type png)
<use images/EEPROM.png>
Package pdftex.def Info: images/EEPROM.png  used on input line 70.
(pdftex.def)             Requested size: 115.1812pt x 177.51454pt.


LaTeX Warning: `h' float specifier changed to `ht'.

[25 <./images/SRAM.png>]
Underfull \vbox (badness 10000) has occurred while \output is active []

 [26 <./images/EEPROM.png>]
<images/FLASH.png, id=316, 303.38344pt x 438.8897pt>
File: images/FLASH.png Graphic file (type png)
<use images/FLASH.png>
Package pdftex.def Info: images/FLASH.png  used on input line 121.
(pdftex.def)             Requested size: 182.03146pt x 263.33585pt.


LaTeX Warning: `h' float specifier changed to `ht'.


Underfull \hbox (badness 10000) in paragraph at lines 128--132

 []

<images/SLC.png, id=317, 239.39438pt x 426.84468pt>
File: images/SLC.png Graphic file (type png)
<use images/SLC.png>
Package pdftex.def Info: images/SLC.png  used on input line 141.
(pdftex.def)             Requested size: 143.63773pt x 256.10878pt.

Underfull \vbox (badness 10000) has occurred while \output is active []

 [27]

LaTeX Warning: `h' float specifier changed to `ht'.

<images/TLC.png, id=327, 592.46344pt x 364.36125pt>
File: images/TLC.png Graphic file (type png)
<use images/TLC.png>
Package pdftex.def Info: images/TLC.png  used on input line 149.
(pdftex.def)             Requested size: 355.4808pt x 218.61842pt.

LaTeX Warning: `h' float specifier changed to `ht'.


Underfull \vbox (badness 10000) has occurred while \output is active []

 [28 <./images/FLASH.png>]
Underfull \vbox (badness 10000) has occurred while \output is active []

 [29 <./images/SLC.png>]
<images/PLC.png, id=343, 740.7675pt x 488.57532pt>
File: images/PLC.png Graphic file (type png)
<use images/PLC.png>
Package pdftex.def Info: images/PLC.png  used on input line 167.
(pdftex.def)             Requested size: 296.30174pt x 195.42667pt.
 [30 <./images/TLC.png> <./images/PLC.png>]
<images/ROM.png, id=353, 462.22687pt x 309.40594pt>
File: images/ROM.png Graphic file (type png)
<use images/ROM.png>
Package pdftex.def Info: images/ROM.png  used on input line 175.
(pdftex.def)             Requested size: 184.88747pt x 123.76018pt.
<images/ROM2.png, id=354, 511.15968pt x 279.29344pt>
File: images/ROM2.png Graphic file (type png)
<use images/ROM2.png>
Package pdftex.def Info: images/ROM2.png  used on input line 184.
(pdftex.def)             Requested size: 204.46024pt x 111.7154pt.
 [31 <./images/ROM.png> <./images/ROM2.png>]
<images/PROM2.png, id=364, 412.54124pt x 435.87843pt>
File: images/PROM2.png Graphic file (type png)
<use images/PROM2.png>
Package pdftex.def Info: images/PROM2.png  used on input line 194.
(pdftex.def)             Requested size: 165.01357pt x 174.34828pt.
<images/PROM.png, id=365, 282.30469pt x 237.13594pt>
File: images/PROM.png Graphic file (type png)
<use images/PROM.png>
Package pdftex.def Info: images/PROM.png  used on input line 202.
(pdftex.def)             Requested size: 112.91986pt x 94.85268pt.
)
Underfull \vbox (badness 3250) has occurred while \output is active []

 [32 <./images/PROM2.png> <./images/PROM.png>] [33]
\openout2 = `text/07.aux'.

 (text/07.tex
Underfull \hbox (badness 10000) in paragraph at lines 23--29

 []


Underfull \hbox (badness 10000) in paragraph at lines 31--35

 []


Underfull \hbox (badness 10000) in paragraph at lines 37--43

 []


Underfull \vbox (badness 10000) has occurred while \output is active []

 [34



]
Underfull \hbox (badness 10000) in paragraph at lines 45--52

 []


Underfull \hbox (badness 10000) in paragraph at lines 53--57

 []

<images/OLED.png, id=388, 398.99063pt x 300.3722pt>
File: images/OLED.png Graphic file (type png)
<use images/OLED.png>
Package pdftex.def Info: images/OLED.png  used on input line 60.
(pdftex.def)             Requested size: 159.59341pt x 120.14674pt.

Underfull \hbox (badness 10000) in paragraph at lines 65--73

 []


Underfull \vbox (badness 10000) has occurred while \output is active []

 [35 <./images/OLED.png>]
Underfull \hbox (badness 10000) in paragraph at lines 75--80

 []


Underfull \vbox (badness 10000) has occurred while \output is active []

 [36]
<images/Plazma.png, id=405, 614.295pt x 414.79968pt>
File: images/Plazma.png Graphic file (type png)
<use images/Plazma.png>
Package pdftex.def Info: images/Plazma.png  used on input line 95.
(pdftex.def)             Requested size: 245.71364pt x 165.91693pt.

Underfull \hbox (badness 10000) in paragraph at lines 100--112

 []


Underfull \hbox (badness 10000) in paragraph at lines 113--118

 []


Underfull \hbox (badness 10000) in paragraph at lines 119--123

 []


Underfull \vbox (badness 10000) has occurred while \output is active []

 [37 <./images/Plazma.png>]
<images/EINK.png, id=413, 892.08281pt x 359.84438pt>
File: images/EINK.png Graphic file (type png)
<use images/EINK.png>
Package pdftex.def Info: images/EINK.png  used on input line 127.
(pdftex.def)             Requested size: 356.8268pt x 143.9352pt.

Underfull \hbox (badness 10000) in paragraph at lines 132--140

 []


Underfull \vbox (badness 10000) has occurred while \output is active []

 [38 <./images/EINK.png>]
<images/QLED.png, id=422, 611.28375pt x 344.78813pt>
File: images/QLED.png Graphic file (type png)
<use images/QLED.png>
Package pdftex.def Info: images/QLED.png  used on input line 151.
(pdftex.def)             Requested size: 366.77307pt x 206.87447pt.
) [39 <./images/QLED.png>]
\openout2 = `text/08.aux'.

 (text/08.tex
<images/CPLD.png, id=431, 293.59688pt x 206.27063pt>
File: images/CPLD.png Graphic file (type png)
<use images/CPLD.png>
Package pdftex.def Info: images/CPLD.png  used on input line 34.
(pdftex.def)             Requested size: 117.43666pt x 82.50677pt.


LaTeX Warning: `h' float specifier changed to `ht'.

<images/PAL.png, id=432, 300.3722pt x 470.50781pt>
File: images/PAL.png Graphic file (type png)
<use images/PAL.png>
Package pdftex.def Info: images/PAL.png  used on input line 41.
(pdftex.def)             Requested size: 120.14674pt x 188.19978pt.

LaTeX Warning: `h' float specifier changed to `ht'.


Underfull \vbox (badness 10000) has occurred while \output is active []

 [40



]
Underfull \vbox (badness 10000) has occurred while \output is active []

 [41 <./images/CPLD.png> <./images/PAL.png>]
<images/FPGA.png, id=448, 246.1697pt x 254.45062pt>
File: images/FPGA.png Graphic file (type png)
<use images/FPGA.png>
Package pdftex.def Info: images/FPGA.png  used on input line 64.
(pdftex.def)             Requested size: 147.70294pt x 152.67154pt.

Underfull \hbox (badness 10000) in paragraph at lines 70--78

 []

) [42 <./images/FPGA.png>]
\openout2 = `text/09.aux'.

 (text/09.tex
<images/DSP.png, id=456, 451.6875pt x 161.85469pt>
File: images/DSP.png Graphic file (type png)
<use images/DSP.png>
Package pdftex.def Info: images/DSP.png  used on input line 14.
(pdftex.def)             Requested size: 180.67178pt x 64.74072pt.

Underfull \hbox (badness 10000) in paragraph at lines 21--25

 []

[43



 <./images/DSP.png>]
Underfull \vbox (badness 10000) has occurred while \output is active []

 [44]
<images/VON.png, id=469, 440.39531pt x 482.55281pt>
File: images/VON.png Graphic file (type png)
<use images/VON.png>
Package pdftex.def Info: images/VON.png  used on input line 56.
(pdftex.def)             Requested size: 176.155pt x 193.0177pt.
<images/HAR.png, id=470, 313.9228pt x 213.79875pt>
File: images/HAR.png Graphic file (type png)
<use images/HAR.png>
Package pdftex.def Info: images/HAR.png  used on input line 70.
(pdftex.def)             Requested size: 156.96101pt x 106.89911pt.


LaTeX Warning: `h' float specifier changed to `ht'.


Underfull \vbox (badness 1845) has occurred while \output is active []

 [45 <./images/VON.png>]
Underfull \hbox (badness 10000) in paragraph at lines 81--83

 []

<images/CISC.png, id=480, 154.32657pt x 224.33812pt>
File: images/CISC.png Graphic file (type png)
<use images/CISC.png>
Package pdftex.def Info: images/CISC.png  used on input line 93.
(pdftex.def)             Requested size: 77.16309pt x 112.16878pt.

LaTeX Warning: `h' float specifier changed to `ht'.

[46 <./images/HAR.png>]
Underfull \hbox (badness 10000) in paragraph at lines 101--104

 []

<images/RISC.png, id=489, 164.11313pt x 220.57407pt>
File: images/RISC.png Graphic file (type png)
<use images/RISC.png>
Package pdftex.def Info: images/RISC.png  used on input line 114.
(pdftex.def)             Requested size: 82.05635pt x 110.28676pt.

Underfull \hbox (badness 10000) in paragraph at lines 120--126

 []


Underfull \vbox (badness 10000) has occurred while \output is active []

 [47 <./images/CISC.png> <./images/RISC.png>]
Underfull \hbox (badness 10000) in paragraph at lines 128--133

 []

<images/VLIW.png, id=499, 546.54187pt x 227.34938pt>
File: images/VLIW.png Graphic file (type png)
<use images/VLIW.png>
Package pdftex.def Info: images/VLIW.png  used on input line 141.
(pdftex.def)             Requested size: 273.27026pt x 113.67441pt.

Underfull \hbox (badness 10000) in paragraph at lines 148--152

 []


Underfull \vbox (badness 10000) has occurred while \output is active []

 [48 <./images/VLIW.png>]
<images/ARM.png, id=508, 498.36188pt x 511.9125pt>
File: images/ARM.png Graphic file (type png)
<use images/ARM.png>
Package pdftex.def Info: images/ARM.png  used on input line 184.
(pdftex.def)             Requested size: 249.18033pt x 255.95563pt.


LaTeX Warning: `h' float specifier changed to `ht'.

) [49] [50 <./images/ARM.png>] (MPC-DIS.aux (text/01.aux) (text/02.aux)
(text/03.aux) (text/04.aux) (text/05.aux) (text/06.aux) (text/07.aux)
(text/08.aux) (text/09.aux))
Package rerunfilecheck Info: File `MPC-DIS.out' has not changed.
(rerunfilecheck)             Checksum: C104C9A8977CF82FED87C527A8FA9C75;2309.
 ) 
Here is how much of TeX's memory you used:
 31634 strings out of 481021
 599679 string characters out of 2905436
 918285 words of memory out of 3000000
 48099 multiletter control sequences out of 15000+600000
 461869 words of font info for 65 fonts, out of 8000000 for 9000
 24 hyphenation exceptions out of 8191
 89i,8n,92p,1107b,892s stack positions out of 5000i,500n,10000p,200000b,80000s
{C:/MiKTeX/fonts/enc/dvips/lm/lm-ec.enc}{C:/MiKTeX/fonts/enc/dvips/lm/lm-math
sy.enc}{C:/MiKTeX/fonts/enc/dvips/lm/lm-ts1.enc}{C:/MiKTeX/fonts/enc/dvips/lm/l
m-rm.enc}{C:/MiKTeX/fonts/enc/dvips/lm/lm-mathit.enc}<C:/MiKTeX/fonts/type1/pub
lic/lm/lmbx12.pfb><C:/MiKTeX/fonts/type1/public/lm/lmmi12.pfb><C:/MiKTeX/fonts/
type1/public/lm/lmmi8.pfb><C:/MiKTeX/fonts/type1/public/lm/lmr12.pfb><C:/MiKTeX
/fonts/type1/public/lm/lmr17.pfb><C:/MiKTeX/fonts/type1/public/lm/lmr8.pfb><C:/
MiKTeX/fonts/type1/public/lm/lmssbx10.pfb><C:/MiKTeX/fonts/type1/public/lm/lmsy
10.pfb><C:/MiKTeX/fonts/type1/public/lm/lmsy8.pfb><C:/MiKTeX/fonts/type1/public
/lm/lmtt12.pfb>
Output written on MPC-DIS.pdf (52 pages, 3642164 bytes).
PDF statistics:
 605 PDF objects out of 1000 (max. 8388607)
 191 named destinations out of 1000 (max. 500000)
 369 words of extra memory for PDF output out of 10000 (max. 10000000)

