This is pdfTeX, Version 3.14159265-2.6-1.40.21 (MiKTeX 20.12) (preloaded format=pdflatex 2021.9.25)  22 MAY 2022 17:56
entering extended mode
**./MPC-NAI.tex
(MPC-NAI.tex
LaTeX2e <2020-10-01> patch level 4
L3 programming layer <2021-05-07> (shared.tex
(C:\MiKTeX\tex/latex/base\article.cls
Document Class: article 2020/04/10 v1.4m Standard LaTeX document class
(C:\MiKTeX\tex/latex/base\size12.clo
File: size12.clo 2020/04/10 v1.4m Standard LaTeX file (size option)
)
\c@part=\count179
\c@section=\count180
\c@subsection=\count181
\c@subsubsection=\count182
\c@paragraph=\count183
\c@subparagraph=\count184
\c@figure=\count185
\c@table=\count186
\abovecaptionskip=\skip47
\belowcaptionskip=\skip48
\bibindent=\dimen138
) (C:\MiKTeX\tex/latex/base\inputenc.sty
Package: inputenc 2020/08/01 v1.3d Input encoding file
\inpenc@prehook=\toks15
\inpenc@posthook=\toks16
)
(C:\MiKTeX\tex/latex/base\fontenc.sty
Package: fontenc 2020/08/10 v2.0s Standard LaTeX package
) (C:\MiKTeX\tex/generic/babel\babel.sty
Package: babel 2021/04/26 3.58 The Babel package

(C:\MiKTeX\tex/generic/babel\babel.def
File: babel.def 2021/04/26 3.58 Babel common definitions
\babel@savecnt=\count187
\U@D=\dimen139
\l@unhyphenated=\language7

(C:\MiKTeX\tex/generic/babel\txtbabel.def)
\bbl@readstream=\read2
)
\bbl@dirlevel=\count188

*************************************
* Local config file bblopts.cfg used
*
(C:\MiKTeX\tex/latex/arabi\bblopts.cfg
File: bblopts.cfg 2005/09/08 v0.1 add Arabic and Farsi to "declared" options of
 babel
)
(C:\MiKTeX\tex/latex/babel-czech\czech.ldf
Language: czech 2008/07/06 v3.1a Czech support from the babel system
Package babel Info: Making " an active character on input line 172.
\cs@wordlen=\count189
Package babel Info: Making - an active character on input line 226.
))
(C:\MiKTeX\tex/latex/geometry\geometry.sty
Package: geometry 2020/01/02 v5.9 Page Geometry

(C:\MiKTeX\tex/latex/graphics\keyval.sty
Package: keyval 2014/10/28 v1.15 key=value parser (DPC)
\KV@toks@=\toks17
)
(C:\MiKTeX\tex/generic/iftex\ifvtex.sty
Package: ifvtex 2019/10/25 v1.7 ifvtex legacy package. Use iftex instead.
 (C:\MiKTeX\tex/generic/iftex\iftex.sty
Package: iftex 2020/03/06 v1.0d TeX engine tests
))
\Gm@cnth=\count190
\Gm@cntv=\count191
\c@Gm@tempcnt=\count192
\Gm@bindingoffset=\dimen140
\Gm@wd@mp=\dimen141
\Gm@odd@mp=\dimen142
\Gm@even@mp=\dimen143
\Gm@layoutwidth=\dimen144
\Gm@layoutheight=\dimen145
\Gm@layouthoffset=\dimen146
\Gm@layoutvoffset=\dimen147
\Gm@dimlist=\toks18
 (C:\MiKTeX\tex/latex/geometry\geometry.cfg))
(C:\MiKTeX\tex/latex/cmap\cmap.sty
Package: cmap 2021/02/06 v1.0j CMap support: searchable PDF


Package cmap Warning: fontenc already loaded - some fonts may be unprocessed.

) (C:\MiKTeX\tex/latex/base\ifthen.sty
Package: ifthen 2014/09/29 v1.1c Standard LaTeX ifthen package (DPC)
)
(C:\MiKTeX\tex/latex/sectsty\sectsty.sty
Package: sectsty 2002/02/25 v2.0.2 Commands to change all sectional heading sty
les


LaTeX Warning: Command \underbar  has changed.
               Check if current package is valid.


LaTeX Warning: Command \underline  has changed.
               Check if current package is valid.

) (C:\MiKTeX\tex/latex/tocloft\tocloft.sty
Package: tocloft 2017/08/31 v2.3i parameterised ToC, etc., typesetting
Package tocloft Info: The document has section divisions on input line 51.
\cftparskip=\skip49
\cftbeforetoctitleskip=\skip50
\cftaftertoctitleskip=\skip51
\cftbeforepartskip=\skip52
\cftpartnumwidth=\skip53
\cftpartindent=\skip54
\cftbeforesecskip=\skip55
\cftsecindent=\skip56
\cftsecnumwidth=\skip57
\cftbeforesubsecskip=\skip58
\cftsubsecindent=\skip59
\cftsubsecnumwidth=\skip60
\cftbeforesubsubsecskip=\skip61
\cftsubsubsecindent=\skip62
\cftsubsubsecnumwidth=\skip63
\cftbeforeparaskip=\skip64
\cftparaindent=\skip65
\cftparanumwidth=\skip66
\cftbeforesubparaskip=\skip67
\cftsubparaindent=\skip68
\cftsubparanumwidth=\skip69
\cftbeforeloftitleskip=\skip70
\cftafterloftitleskip=\skip71
\cftbeforefigskip=\skip72
\cftfigindent=\skip73
\cftfignumwidth=\skip74
\c@lofdepth=\count193
\c@lotdepth=\count194
\cftbeforelottitleskip=\skip75
\cftafterlottitleskip=\skip76
\cftbeforetabskip=\skip77
\cfttabindent=\skip78
\cfttabnumwidth=\skip79
)
(C:\MiKTeX\tex/latex/enumitem\enumitem.sty
Package: enumitem 2019/06/20 v3.9 Customized lists
\labelindent=\skip80
\enit@outerparindent=\dimen148
\enit@toks=\toks19
\enit@inbox=\box47
\enit@count@id=\count195
\enitdp@description=\count196
)
(C:\MiKTeX\tex/latex/csquotes\csquotes.sty
Package: csquotes 2021-02-22 v5.2l context-sensitive quotations (JAW)

(C:\MiKTeX\tex/latex/etoolbox\etoolbox.sty
Package: etoolbox 2020/10/05 v2.5k e-TeX tools for LaTeX (JAW)
\etb@tempcnta=\count197
)
\csq@reset=\count198
\csq@gtype=\count199
\csq@glevel=\count266
\csq@qlevel=\count267
\csq@maxlvl=\count268
\csq@tshold=\count269
\csq@ltx@everypar=\toks20

(C:\MiKTeX\tex/latex/csquotes\csquotes.def
File: csquotes.def 2021-02-22 v5.2l csquotes generic definitions (JAW)
)
Package csquotes Info: Trying to load configuration file 'csquotes.cfg'...
Package csquotes Info: ... configuration file loaded successfully.

(C:\MiKTeX\tex/latex/csquotes\csquotes.cfg
File: csquotes.cfg 
))
(C:\MiKTeX\tex/latex/footmisc\footmisc.sty
Package: footmisc 2011/06/06 v5.5b a miscellany of footnote facilities
\FN@temptoken=\toks21
\footnotemargin=\dimen149
\c@pp@next@reset=\count270
Package footmisc Info: Declaring symbol style bringhurst on input line 855.
Package footmisc Info: Declaring symbol style chicago on input line 863.
Package footmisc Info: Declaring symbol style wiley on input line 872.
Package footmisc Info: Declaring symbol style lamport-robust on input line 883.

Package footmisc Info: Declaring symbol style lamport* on input line 903.
Package footmisc Info: Declaring symbol style lamport*-robust on input line 924
.
)
(C:\MiKTeX\tex/latex/nowidow\nowidow.sty
Package: nowidow 2011/09/20 1.0 Easily prevent widows and orphans
Package: nowidow 

(C:\MiKTeX\tex/latex/kvoptions\kvoptions.sty
Package: kvoptions 2020-10-07 v3.14 Key value format for package options (HO)

(C:\MiKTeX\tex/generic/ltxcmds\ltxcmds.sty
Package: ltxcmds 2020-05-10 v1.25 LaTeX kernel commands for general use (HO)
)
(C:\MiKTeX\tex/generic/kvsetkeys\kvsetkeys.sty
Package: kvsetkeys 2019/12/15 v1.18 Key value parser (HO)
)))
(C:\MiKTeX\tex/latex/needspace\needspace.sty
Package: needspace 2010/09/12 v1.3d reserve vertical space
)
(C:\MiKTeX\tex/latex/setspace\setspace.sty
Package: setspace 2011/12/19 v6.7a set line spacing
) (C:\MiKTeX\tex/latex/lm\lmodern.sty
Package: lmodern 2009/10/30 v1.6 Latin Modern Fonts
LaTeX Font Info:    Overwriting symbol font `operators' in version `normal'
(Font)                  OT1/cmr/m/n --> OT1/lmr/m/n on input line 22.
LaTeX Font Info:    Overwriting symbol font `letters' in version `normal'
(Font)                  OML/cmm/m/it --> OML/lmm/m/it on input line 23.
LaTeX Font Info:    Overwriting symbol font `symbols' in version `normal'
(Font)                  OMS/cmsy/m/n --> OMS/lmsy/m/n on input line 24.
LaTeX Font Info:    Overwriting symbol font `largesymbols' in version `normal'
(Font)                  OMX/cmex/m/n --> OMX/lmex/m/n on input line 25.
LaTeX Font Info:    Overwriting symbol font `operators' in version `bold'
(Font)                  OT1/cmr/bx/n --> OT1/lmr/bx/n on input line 26.
LaTeX Font Info:    Overwriting symbol font `letters' in version `bold'
(Font)                  OML/cmm/b/it --> OML/lmm/b/it on input line 27.
LaTeX Font Info:    Overwriting symbol font `symbols' in version `bold'
(Font)                  OMS/cmsy/b/n --> OMS/lmsy/b/n on input line 28.
LaTeX Font Info:    Overwriting symbol font `largesymbols' in version `bold'
(Font)                  OMX/cmex/m/n --> OMX/lmex/m/n on input line 29.
LaTeX Font Info:    Overwriting math alphabet `\mathbf' in version `normal'
(Font)                  OT1/cmr/bx/n --> OT1/lmr/bx/n on input line 31.
LaTeX Font Info:    Overwriting math alphabet `\mathsf' in version `normal'
(Font)                  OT1/cmss/m/n --> OT1/lmss/m/n on input line 32.
LaTeX Font Info:    Overwriting math alphabet `\mathit' in version `normal'
(Font)                  OT1/cmr/m/it --> OT1/lmr/m/it on input line 33.
LaTeX Font Info:    Overwriting math alphabet `\mathtt' in version `normal'
(Font)                  OT1/cmtt/m/n --> OT1/lmtt/m/n on input line 34.
LaTeX Font Info:    Overwriting math alphabet `\mathbf' in version `bold'
(Font)                  OT1/cmr/bx/n --> OT1/lmr/bx/n on input line 35.
LaTeX Font Info:    Overwriting math alphabet `\mathsf' in version `bold'
(Font)                  OT1/cmss/bx/n --> OT1/lmss/bx/n on input line 36.
LaTeX Font Info:    Overwriting math alphabet `\mathit' in version `bold'
(Font)                  OT1/cmr/bx/it --> OT1/lmr/bx/it on input line 37.
LaTeX Font Info:    Overwriting math alphabet `\mathtt' in version `bold'
(Font)                  OT1/cmtt/m/n --> OT1/lmtt/m/n on input line 38.
) (C:\MiKTeX\tex/latex/titlesec\titlesec.sty
Package: titlesec 2019/10/16 v2.13 Sectioning titles
\ttl@box=\box48
\beforetitleunit=\skip81
\aftertitleunit=\skip82
\ttl@plus=\dimen150
\ttl@minus=\dimen151
\ttl@toksa=\toks22
\titlewidth=\dimen152
\titlewidthlast=\dimen153
\titlewidthfirst=\dimen154
)
(C:\MiKTeX\tex/latex/hyperref\hyperref.sty
Package: hyperref 2021-02-27 v7.00k Hypertext links for LaTeX

(C:\MiKTeX\tex/generic/pdftexcmds\pdftexcmds.sty
Package: pdftexcmds 2020-06-27 v0.33 Utility functions of pdfTeX for LuaTeX (HO
)

(C:\MiKTeX\tex/generic/infwarerr\infwarerr.sty
Package: infwarerr 2019/12/03 v1.5 Providing info/warning/error messages (HO)
)
Package pdftexcmds Info: \pdf@primitive is available.
Package pdftexcmds Info: \pdf@ifprimitive is available.
Package pdftexcmds Info: \pdfdraftmode found.
)
(C:\MiKTeX\tex/generic/kvdefinekeys\kvdefinekeys.sty
Package: kvdefinekeys 2019-12-19 v1.6 Define keys (HO)
)
(C:\MiKTeX\tex/generic/pdfescape\pdfescape.sty
Package: pdfescape 2019/12/09 v1.15 Implements pdfTeX's escape features (HO)
)
(C:\MiKTeX\tex/latex/hycolor\hycolor.sty
Package: hycolor 2020-01-27 v1.10 Color options for hyperref/bookmark (HO)
)
(C:\MiKTeX\tex/latex/letltxmacro\letltxmacro.sty
Package: letltxmacro 2019/12/03 v1.6 Let assignment for LaTeX macros (HO)
)
(C:\MiKTeX\tex/latex/auxhook\auxhook.sty
Package: auxhook 2019-12-17 v1.6 Hooks for auxiliary files (HO)
)
\@linkdim=\dimen155
\Hy@linkcounter=\count271
\Hy@pagecounter=\count272

(C:\MiKTeX\tex/latex/hyperref\pd1enc.def
File: pd1enc.def 2021-02-27 v7.00k Hyperref: PDFDocEncoding definition (HO)
Now handling font encoding PD1 ...
... no UTF-8 mapping file for font encoding PD1
)
(C:\MiKTeX\tex/latex/hyperref\hyperref-langpatches.def
File: hyperref-langpatches.def 2021-02-27 v7.00k Hyperref: patches for babel la
nguages
)
(C:\MiKTeX\tex/generic/intcalc\intcalc.sty
Package: intcalc 2019/12/15 v1.3 Expandable calculations with integers (HO)
)
(C:\MiKTeX\tex/generic/etexcmds\etexcmds.sty
Package: etexcmds 2019/12/15 v1.7 Avoid name clashes with e-TeX commands (HO)
)
\Hy@SavedSpaceFactor=\count273

(C:\MiKTeX\tex/latex/hyperref\puenc.def
File: puenc.def 2021-02-27 v7.00k Hyperref: PDF Unicode definition (HO)
Now handling font encoding PU ...
... no UTF-8 mapping file for font encoding PU
)
Package hyperref Info: Option `unicode' set `true' on input line 4073.
Package hyperref Info: Option `breaklinks' set `true' on input line 4073.
Package hyperref Info: Option `hypertexnames' set `false' on input line 4073.
Package hyperref Info: Hyper figures OFF on input line 4192.
Package hyperref Info: Link nesting OFF on input line 4197.
Package hyperref Info: Hyper index ON on input line 4200.
Package hyperref Info: Plain pages OFF on input line 4207.
Package hyperref Info: Backreferencing OFF on input line 4212.
Package hyperref Info: Implicit mode ON; LaTeX internals redefined.
Package hyperref Info: Bookmarks ON on input line 4445.
\c@Hy@tempcnt=\count274
 (C:\MiKTeX\tex/latex/url\url.sty
\Urlmuskip=\muskip16
Package: url 2013/09/16  ver 3.4  Verb mode for urls, etc.
)
LaTeX Info: Redefining \url on input line 4804.
\XeTeXLinkMargin=\dimen156

(C:\MiKTeX\tex/generic/bitset\bitset.sty
Package: bitset 2019/12/09 v1.3 Handle bit-vector datatype (HO)

(C:\MiKTeX\tex/generic/bigintcalc\bigintcalc.sty
Package: bigintcalc 2019/12/15 v1.5 Expandable calculations on big integers (HO
)
))
\Fld@menulength=\count275
\Field@Width=\dimen157
\Fld@charsize=\dimen158
Package hyperref Info: Hyper figures OFF on input line 6075.
Package hyperref Info: Link nesting OFF on input line 6080.
Package hyperref Info: Hyper index ON on input line 6083.
Package hyperref Info: backreferencing OFF on input line 6090.
Package hyperref Info: Link coloring OFF on input line 6095.
Package hyperref Info: Link coloring with OCG OFF on input line 6100.
Package hyperref Info: PDF/A mode OFF on input line 6105.
LaTeX Info: Redefining \ref on input line 6145.
LaTeX Info: Redefining \pageref on input line 6149.

(C:\MiKTeX\tex/latex/base\atbegshi-ltx.sty
Package: atbegshi-ltx 2020/08/17 v1.0a Emulation of the original atbegshi packa
ge
with kernel methods
)
\Hy@abspage=\count276
\c@Item=\count277
\c@Hfootnote=\count278
)
Package hyperref Info: Driver (autodetected): hpdftex.

(C:\MiKTeX\tex/latex/hyperref\hpdftex.def
File: hpdftex.def 2021-02-27 v7.00k Hyperref driver for pdfTeX

(C:\MiKTeX\tex/latex/base\atveryend-ltx.sty
Package: atveryend-ltx 2020/08/19 v1.0a Emulation of the original atvery packag
e
with kernel methods
)
\Fld@listcount=\count279
\c@bookmark@seq@number=\count280

(C:\MiKTeX\tex/latex/rerunfilecheck\rerunfilecheck.sty
Package: rerunfilecheck 2019/12/05 v1.9 Rerun checks for auxiliary files (HO)

(C:\MiKTeX\tex/generic/uniquecounter\uniquecounter.sty
Package: uniquecounter 2019/12/15 v1.4 Provide unlimited unique counter (HO)
)
Package uniquecounter Info: New unique counter `rerunfilecheck' on input line 2
86.
)
\Hy@SectionHShift=\skip83
)
Package hyperref Info: Option `colorlinks' set `true' on input line 115.

(C:\MiKTeX\tex/latex/graphics\graphicx.sty
Package: graphicx 2020/09/09 v1.2b Enhanced LaTeX Graphics (DPC,SPQR)

(C:\MiKTeX\tex/latex/graphics\graphics.sty
Package: graphics 2020/08/30 v1.4c Standard LaTeX Graphics (DPC,SPQR)

(C:\MiKTeX\tex/latex/graphics\trig.sty
Package: trig 2016/01/03 v1.10 sin cos tan (DPC)
)
(C:\MiKTeX\tex/latex/graphics-cfg\graphics.cfg
File: graphics.cfg 2016/06/04 v1.11 sample graphics configuration
)
Package graphics Info: Driver file: pdftex.def on input line 105.

(C:\MiKTeX\tex/latex/graphics-def\pdftex.def
File: pdftex.def 2020/10/05 v1.2a Graphics/color driver for pdftex
))
\Gin@req@height=\dimen159
\Gin@req@width=\dimen160
)
(C:\MiKTeX\tex/latex/subfig\subfig.sty
Package: subfig 2005/06/28 ver: 1.3 subfig package
 (C:\MiKTeX\tex/latex/caption\caption.sty
Package: caption 2020/10/26 v3.5g Customizing captions (AR)
(C:\MiKTeX\tex/latex/caption\caption3.sty
Package: caption3 2020/10/21 v2.2e caption3 kernel (AR)
\captionmargin=\dimen161
\captionmargin@=\dimen162
\captionwidth=\dimen163
\caption@tempdima=\dimen164
\caption@indent=\dimen165
\caption@parindent=\dimen166
\caption@hangindent=\dimen167
Package caption Info: Standard document class detected.
)
\c@caption@flags=\count281
\c@continuedfloat=\count282
Package caption Info: hyperref package is loaded.
)
\c@KVtest=\count283
\sf@farskip=\skip84
\sf@captopadj=\dimen168
\sf@capskip=\skip85
\sf@nearskip=\skip86
\c@subfigure=\count284
\c@subfigure@save=\count285
\c@subtable=\count286
\c@subtable@save=\count287
\sf@top=\skip87
\sf@bottom=\skip88
)
(C:\MiKTeX\tex/latex/pgf/frontendlayer\tikz.sty
(C:\MiKTeX\tex/latex/pgf/basiclayer\pgf.sty
(C:\MiKTeX\tex/latex/pgf/utilities\pgfrcs.sty
(C:\MiKTeX\tex/generic/pgf/utilities\pgfutil-common.tex
\pgfutil@everybye=\toks23
\pgfutil@tempdima=\dimen169
\pgfutil@tempdimb=\dimen170

(C:\MiKTeX\tex/generic/pgf/utilities\pgfutil-common-lists.tex))
(C:\MiKTeX\tex/generic/pgf/utilities\pgfutil-latex.def
\pgfutil@abb=\box49
)
(C:\MiKTeX\tex/generic/pgf/utilities\pgfrcs.code.tex
(C:\MiKTeX\tex/generic/pgf\pgf.revision.tex)
Package: pgfrcs 2020/12/27 v3.1.8b (3.1.8b)
))
Package: pgf 2020/12/27 v3.1.8b (3.1.8b)

(C:\MiKTeX\tex/latex/pgf/basiclayer\pgfcore.sty
(C:\MiKTeX\tex/latex/pgf/systemlayer\pgfsys.sty
(C:\MiKTeX\tex/generic/pgf/systemlayer\pgfsys.code.tex
Package: pgfsys 2020/12/27 v3.1.8b (3.1.8b)

(C:\MiKTeX\tex/generic/pgf/utilities\pgfkeys.code.tex
\pgfkeys@pathtoks=\toks24
\pgfkeys@temptoks=\toks25

(C:\MiKTeX\tex/generic/pgf/utilities\pgfkeysfiltered.code.tex
\pgfkeys@tmptoks=\toks26
))
\pgf@x=\dimen171
\pgf@y=\dimen172
\pgf@xa=\dimen173
\pgf@ya=\dimen174
\pgf@xb=\dimen175
\pgf@yb=\dimen176
\pgf@xc=\dimen177
\pgf@yc=\dimen178
\pgf@xd=\dimen179
\pgf@yd=\dimen180
\w@pgf@writea=\write3
\r@pgf@reada=\read3
\c@pgf@counta=\count288
\c@pgf@countb=\count289
\c@pgf@countc=\count290
\c@pgf@countd=\count291
\t@pgf@toka=\toks27
\t@pgf@tokb=\toks28
\t@pgf@tokc=\toks29
\pgf@sys@id@count=\count292

(C:\MiKTeX\tex/generic/pgf/systemlayer\pgf.cfg
File: pgf.cfg 2020/12/27 v3.1.8b (3.1.8b)
)
Driver file for pgf: pgfsys-pdftex.def

(C:\MiKTeX\tex/generic/pgf/systemlayer\pgfsys-pdftex.def
File: pgfsys-pdftex.def 2020/12/27 v3.1.8b (3.1.8b)

(C:\MiKTeX\tex/generic/pgf/systemlayer\pgfsys-common-pdf.def
File: pgfsys-common-pdf.def 2020/12/27 v3.1.8b (3.1.8b)
)))
(C:\MiKTeX\tex/generic/pgf/systemlayer\pgfsyssoftpath.code.tex
File: pgfsyssoftpath.code.tex 2020/12/27 v3.1.8b (3.1.8b)
\pgfsyssoftpath@smallbuffer@items=\count293
\pgfsyssoftpath@bigbuffer@items=\count294
)
(C:\MiKTeX\tex/generic/pgf/systemlayer\pgfsysprotocol.code.tex
File: pgfsysprotocol.code.tex 2020/12/27 v3.1.8b (3.1.8b)
))
(C:\MiKTeX\tex/latex/xcolor\xcolor.sty
Package: xcolor 2016/05/11 v2.12 LaTeX color extensions (UK)

(C:\MiKTeX\tex/latex/graphics-cfg\color.cfg
File: color.cfg 2016/01/02 v1.6 sample color configuration
)
Package xcolor Info: Driver file: pdftex.def on input line 225.
Package xcolor Info: Model `cmy' substituted by `cmy0' on input line 1348.
Package xcolor Info: Model `hsb' substituted by `rgb' on input line 1352.
Package xcolor Info: Model `RGB' extended on input line 1364.
Package xcolor Info: Model `HTML' substituted by `rgb' on input line 1366.
Package xcolor Info: Model `Hsb' substituted by `hsb' on input line 1367.
Package xcolor Info: Model `tHsb' substituted by `hsb' on input line 1368.
Package xcolor Info: Model `HSB' substituted by `hsb' on input line 1369.
Package xcolor Info: Model `Gray' substituted by `gray' on input line 1370.
Package xcolor Info: Model `wave' substituted by `hsb' on input line 1371.
)
(C:\MiKTeX\tex/generic/pgf/basiclayer\pgfcore.code.tex
Package: pgfcore 2020/12/27 v3.1.8b (3.1.8b)

(C:\MiKTeX\tex/generic/pgf/math\pgfmath.code.tex
(C:\MiKTeX\tex/generic/pgf/math\pgfmathcalc.code.tex
(C:\MiKTeX\tex/generic/pgf/math\pgfmathutil.code.tex)
(C:\MiKTeX\tex/generic/pgf/math\pgfmathparser.code.tex
\pgfmath@dimen=\dimen181
\pgfmath@count=\count295
\pgfmath@box=\box50
\pgfmath@toks=\toks30
\pgfmath@stack@operand=\toks31
\pgfmath@stack@operation=\toks32
)
(C:\MiKTeX\tex/generic/pgf/math\pgfmathfunctions.code.tex
(C:\MiKTeX\tex/generic/pgf/math\pgfmathfunctions.basic.code.tex)
(C:\MiKTeX\tex/generic/pgf/math\pgfmathfunctions.trigonometric.code.tex)
(C:\MiKTeX\tex/generic/pgf/math\pgfmathfunctions.random.code.tex)
(C:\MiKTeX\tex/generic/pgf/math\pgfmathfunctions.comparison.code.tex)
(C:\MiKTeX\tex/generic/pgf/math\pgfmathfunctions.base.code.tex)
(C:\MiKTeX\tex/generic/pgf/math\pgfmathfunctions.round.code.tex)
(C:\MiKTeX\tex/generic/pgf/math\pgfmathfunctions.misc.code.tex)
(C:\MiKTeX\tex/generic/pgf/math\pgfmathfunctions.integerarithmetics.code.tex)))
(C:\MiKTeX\tex/generic/pgf/math\pgfmathfloat.code.tex
\c@pgfmathroundto@lastzeros=\count296
))
(C:\MiKTeX\tex/generic/pgf/math\pgfint.code.tex)
(C:\MiKTeX\tex/generic/pgf/basiclayer\pgfcorepoints.code.tex
File: pgfcorepoints.code.tex 2020/12/27 v3.1.8b (3.1.8b)
\pgf@picminx=\dimen182
\pgf@picmaxx=\dimen183
\pgf@picminy=\dimen184
\pgf@picmaxy=\dimen185
\pgf@pathminx=\dimen186
\pgf@pathmaxx=\dimen187
\pgf@pathminy=\dimen188
\pgf@pathmaxy=\dimen189
\pgf@xx=\dimen190
\pgf@xy=\dimen191
\pgf@yx=\dimen192
\pgf@yy=\dimen193
\pgf@zx=\dimen194
\pgf@zy=\dimen195
)
(C:\MiKTeX\tex/generic/pgf/basiclayer\pgfcorepathconstruct.code.tex
File: pgfcorepathconstruct.code.tex 2020/12/27 v3.1.8b (3.1.8b)
\pgf@path@lastx=\dimen196
\pgf@path@lasty=\dimen197
)
(C:\MiKTeX\tex/generic/pgf/basiclayer\pgfcorepathusage.code.tex
File: pgfcorepathusage.code.tex 2020/12/27 v3.1.8b (3.1.8b)
\pgf@shorten@end@additional=\dimen198
\pgf@shorten@start@additional=\dimen199
)
(C:\MiKTeX\tex/generic/pgf/basiclayer\pgfcorescopes.code.tex
File: pgfcorescopes.code.tex 2020/12/27 v3.1.8b (3.1.8b)
\pgfpic=\box51
\pgf@hbox=\box52
\pgf@layerbox@main=\box53
\pgf@picture@serial@count=\count297
)
(C:\MiKTeX\tex/generic/pgf/basiclayer\pgfcoregraphicstate.code.tex
File: pgfcoregraphicstate.code.tex 2020/12/27 v3.1.8b (3.1.8b)
\pgflinewidth=\dimen256
)
(C:\MiKTeX\tex/generic/pgf/basiclayer\pgfcoretransformations.code.tex
File: pgfcoretransformations.code.tex 2020/12/27 v3.1.8b (3.1.8b)
\pgf@pt@x=\dimen257
\pgf@pt@y=\dimen258
\pgf@pt@temp=\dimen259
)
(C:\MiKTeX\tex/generic/pgf/basiclayer\pgfcorequick.code.tex
File: pgfcorequick.code.tex 2020/12/27 v3.1.8b (3.1.8b)
)
(C:\MiKTeX\tex/generic/pgf/basiclayer\pgfcoreobjects.code.tex
File: pgfcoreobjects.code.tex 2020/12/27 v3.1.8b (3.1.8b)
)
(C:\MiKTeX\tex/generic/pgf/basiclayer\pgfcorepathprocessing.code.tex
File: pgfcorepathprocessing.code.tex 2020/12/27 v3.1.8b (3.1.8b)
)
(C:\MiKTeX\tex/generic/pgf/basiclayer\pgfcorearrows.code.tex
File: pgfcorearrows.code.tex 2020/12/27 v3.1.8b (3.1.8b)
\pgfarrowsep=\dimen260
)
(C:\MiKTeX\tex/generic/pgf/basiclayer\pgfcoreshade.code.tex
File: pgfcoreshade.code.tex 2020/12/27 v3.1.8b (3.1.8b)
\pgf@max=\dimen261
\pgf@sys@shading@range@num=\count298
\pgf@shadingcount=\count299
)
(C:\MiKTeX\tex/generic/pgf/basiclayer\pgfcoreimage.code.tex
File: pgfcoreimage.code.tex 2020/12/27 v3.1.8b (3.1.8b)

(C:\MiKTeX\tex/generic/pgf/basiclayer\pgfcoreexternal.code.tex
File: pgfcoreexternal.code.tex 2020/12/27 v3.1.8b (3.1.8b)
\pgfexternal@startupbox=\box54
))
(C:\MiKTeX\tex/generic/pgf/basiclayer\pgfcorelayers.code.tex
File: pgfcorelayers.code.tex 2020/12/27 v3.1.8b (3.1.8b)
)
(C:\MiKTeX\tex/generic/pgf/basiclayer\pgfcoretransparency.code.tex
File: pgfcoretransparency.code.tex 2020/12/27 v3.1.8b (3.1.8b)
)
(C:\MiKTeX\tex/generic/pgf/basiclayer\pgfcorepatterns.code.tex
File: pgfcorepatterns.code.tex 2020/12/27 v3.1.8b (3.1.8b)
)
(C:\MiKTeX\tex/generic/pgf/basiclayer\pgfcorerdf.code.tex
File: pgfcorerdf.code.tex 2020/12/27 v3.1.8b (3.1.8b)
)))
(C:\MiKTeX\tex/generic/pgf/modules\pgfmoduleshapes.code.tex
File: pgfmoduleshapes.code.tex 2020/12/27 v3.1.8b (3.1.8b)
\pgfnodeparttextbox=\box55
)
(C:\MiKTeX\tex/generic/pgf/modules\pgfmoduleplot.code.tex
File: pgfmoduleplot.code.tex 2020/12/27 v3.1.8b (3.1.8b)
)
(C:\MiKTeX\tex/latex/pgf/compatibility\pgfcomp-version-0-65.sty
Package: pgfcomp-version-0-65 2020/12/27 v3.1.8b (3.1.8b)
\pgf@nodesepstart=\dimen262
\pgf@nodesepend=\dimen263
)
(C:\MiKTeX\tex/latex/pgf/compatibility\pgfcomp-version-1-18.sty
Package: pgfcomp-version-1-18 2020/12/27 v3.1.8b (3.1.8b)
))
(C:\MiKTeX\tex/latex/pgf/utilities\pgffor.sty
(C:\MiKTeX\tex/latex/pgf/utilities\pgfkeys.sty
(C:\MiKTeX\tex/generic/pgf/utilities\pgfkeys.code.tex))
(C:\MiKTeX\tex/latex/pgf/math\pgfmath.sty
(C:\MiKTeX\tex/generic/pgf/math\pgfmath.code.tex))
(C:\MiKTeX\tex/generic/pgf/utilities\pgffor.code.tex
Package: pgffor 2020/12/27 v3.1.8b (3.1.8b)

(C:\MiKTeX\tex/generic/pgf/math\pgfmath.code.tex)
\pgffor@iter=\dimen264
\pgffor@skip=\dimen265
\pgffor@stack=\toks33
\pgffor@toks=\toks34
))
(C:\MiKTeX\tex/generic/pgf/frontendlayer/tikz\tikz.code.tex
Package: tikz 2020/12/27 v3.1.8b (3.1.8b)

(C:\MiKTeX\tex/generic/pgf/libraries\pgflibraryplothandlers.code.tex
File: pgflibraryplothandlers.code.tex 2020/12/27 v3.1.8b (3.1.8b)
\pgf@plot@mark@count=\count300
\pgfplotmarksize=\dimen266
)
\tikz@lastx=\dimen267
\tikz@lasty=\dimen268
\tikz@lastxsaved=\dimen269
\tikz@lastysaved=\dimen270
\tikz@lastmovetox=\dimen271
\tikz@lastmovetoy=\dimen272
\tikzleveldistance=\dimen273
\tikzsiblingdistance=\dimen274
\tikz@figbox=\box56
\tikz@figbox@bg=\box57
\tikz@tempbox=\box58
\tikz@tempbox@bg=\box59
\tikztreelevel=\count301
\tikznumberofchildren=\count302
\tikznumberofcurrentchild=\count303
\tikz@fig@count=\count304

(C:\MiKTeX\tex/generic/pgf/modules\pgfmodulematrix.code.tex
File: pgfmodulematrix.code.tex 2020/12/27 v3.1.8b (3.1.8b)
\pgfmatrixcurrentrow=\count305
\pgfmatrixcurrentcolumn=\count306
\pgf@matrix@numberofcolumns=\count307
)
\tikz@expandcount=\count308

(C:\MiKTeX\tex/generic/pgf/frontendlayer/tikz/libraries\tikzlibrarytopaths.code
.tex
File: tikzlibrarytopaths.code.tex 2020/12/27 v3.1.8b (3.1.8b)
)))
(C:\MiKTeX\tex/generic/pgf/frontendlayer/tikz/libraries\tikzlibraryshapes.code.
tex
File: tikzlibraryshapes.code.tex 2020/12/27 v3.1.8b (3.1.8b)

(C:\MiKTeX\tex/generic/pgf/frontendlayer/tikz/libraries\tikzlibraryshapes.geome
tric.code.tex
File: tikzlibraryshapes.geometric.code.tex 2020/12/27 v3.1.8b (3.1.8b)

(C:\MiKTeX\tex/generic/pgf/libraries/shapes\pgflibraryshapes.geometric.code.tex
File: pgflibraryshapes.geometric.code.tex 2020/12/27 v3.1.8b (3.1.8b)
))
(C:\MiKTeX\tex/generic/pgf/frontendlayer/tikz/libraries\tikzlibraryshapes.misc.
code.tex
File: tikzlibraryshapes.misc.code.tex 2020/12/27 v3.1.8b (3.1.8b)

(C:\MiKTeX\tex/generic/pgf/libraries/shapes\pgflibraryshapes.misc.code.tex
File: pgflibraryshapes.misc.code.tex 2020/12/27 v3.1.8b (3.1.8b)
))
(C:\MiKTeX\tex/generic/pgf/frontendlayer/tikz/libraries\tikzlibraryshapes.symbo
ls.code.tex
File: tikzlibraryshapes.symbols.code.tex 2020/12/27 v3.1.8b (3.1.8b)

(C:\MiKTeX\tex/generic/pgf/libraries/shapes\pgflibraryshapes.symbols.code.tex
File: pgflibraryshapes.symbols.code.tex 2020/12/27 v3.1.8b (3.1.8b)
))
(C:\MiKTeX\tex/generic/pgf/frontendlayer/tikz/libraries\tikzlibraryshapes.arrow
s.code.tex
File: tikzlibraryshapes.arrows.code.tex 2020/12/27 v3.1.8b (3.1.8b)

(C:\MiKTeX\tex/generic/pgf/libraries/shapes\pgflibraryshapes.arrows.code.tex
File: pgflibraryshapes.arrows.code.tex 2020/12/27 v3.1.8b (3.1.8b)
))
(C:\MiKTeX\tex/generic/pgf/frontendlayer/tikz/libraries\tikzlibraryshapes.callo
uts.code.tex
(C:\MiKTeX\tex/generic/pgf/libraries/shapes\pgflibraryshapes.callouts.code.tex)
)
(C:\MiKTeX\tex/generic/pgf/frontendlayer/tikz/libraries\tikzlibraryshapes.multi
part.code.tex
File: tikzlibraryshapes.multipart.code.tex 2020/12/27 v3.1.8b (3.1.8b)

(C:\MiKTeX\tex/generic/pgf/libraries/shapes\pgflibraryshapes.multipart.code.tex
File: pgflibraryshapes.multipart.code.tex 2020/12/27 v3.1.8b (3.1.8b)
\pgfnodepartlowerbox=\box60
\pgfnodeparttwobox=\box61
\pgfnodepartthreebox=\box62
\pgfnodepartfourbox=\box63
\pgfnodeparttwentybox=\box64
\pgfnodepartnineteenbox=\box65
\pgfnodeparteighteenbox=\box66
\pgfnodepartseventeenbox=\box67
\pgfnodepartsixteenbox=\box68
\pgfnodepartfifteenbox=\box69
\pgfnodepartfourteenbox=\box70
\pgfnodepartthirteenbox=\box71
\pgfnodeparttwelvebox=\box72
\pgfnodepartelevenbox=\box73
\pgfnodeparttenbox=\box74
\pgfnodepartninebox=\box75
\pgfnodeparteightbox=\box76
\pgfnodepartsevenbox=\box77
\pgfnodepartsixbox=\box78
\pgfnodepartfivebox=\box79
)))
(C:\MiKTeX\tex/generic/pgf/frontendlayer/tikz/libraries\tikzlibraryarrows.code.
tex
File: tikzlibraryarrows.code.tex 2020/12/27 v3.1.8b (3.1.8b)
 (C:\MiKTeX\tex/generic/pgf/libraries\pgflibraryarrows.code.tex
File: pgflibraryarrows.code.tex 2020/12/27 v3.1.8b (3.1.8b)
\arrowsize=\dimen275
))
(C:\MiKTeX\tex/latex/latex-tools\tabularx.sty
Package: tabularx 2020/01/15 v2.11c `tabularx' package (DPC)

(C:\MiKTeX\tex/latex/latex-tools\array.sty
Package: array 2020/10/01 v2.5c Tabular extension package (FMi)
\col@sep=\dimen276
\ar@mcellbox=\box80
\extrarowheight=\dimen277
\NC@list=\toks35
\extratabsurround=\skip89
\backup@length=\skip90
\ar@cellbox=\box81
)
\TX@col@width=\dimen278
\TX@old@table=\dimen279
\TX@old@col=\dimen280
\TX@target=\dimen281
\TX@delta=\dimen282
\TX@cols=\count309
\TX@ftn=\toks36
)
(C:\MiKTeX\tex/latex/latex-tools\multicol.sty
Package: multicol 2019/12/09 v1.8y multicolumn formatting (FMi)
\c@tracingmulticols=\count310
\mult@box=\box82
\multicol@leftmargin=\dimen283
\c@unbalance=\count311
\c@collectmore=\count312
\doublecol@number=\count313
\multicoltolerance=\count314
\multicolpretolerance=\count315
\full@width=\dimen284
\page@free=\dimen285
\premulticols=\dimen286
\postmulticols=\dimen287
\multicolsep=\skip91
\multicolbaselineskip=\skip92
\partial@page=\box83
\last@line=\box84
\maxbalancingoverflow=\dimen288
\mult@rightbox=\box85
\mult@grightbox=\box86
\mult@gfirstbox=\box87
\mult@firstbox=\box88
\@tempa=\box89
\@tempa=\box90
\@tempa=\box91
\@tempa=\box92
\@tempa=\box93
\@tempa=\box94
\@tempa=\box95
\@tempa=\box96
\@tempa=\box97
\@tempa=\box98
\@tempa=\box99
\@tempa=\box100
\@tempa=\box101
\@tempa=\box102
\@tempa=\box103
\@tempa=\box104
\@tempa=\box105
\@tempa=\box106
\@tempa=\box107
\@tempa=\box108
\@tempa=\box109
\@tempa=\box110
\@tempa=\box111
\@tempa=\box112
\@tempa=\box113
\@tempa=\box114
\@tempa=\box115
\@tempa=\box116
\@tempa=\box117
\@tempa=\box118
\@tempa=\box119
\@tempa=\box120
\@tempa=\box121
\@tempa=\box122
\@tempa=\box123
\@tempa=\box124
\@tempa=\box125
\c@minrows=\count316
\c@columnbadness=\count317
\c@finalcolumnbadness=\count318
\last@try=\dimen289
\multicolovershoot=\dimen290
\multicolundershoot=\dimen291
\mult@nat@firstbox=\box126
\colbreak@box=\box127
\mc@col@check@num=\count319
)
(C:\MiKTeX\tex/latex/placeins\placeins.sty
Package: placeins 2005/04/18  v 2.2
)
(C:\MiKTeX\tex/latex/amsmath\amsmath.sty
Package: amsmath 2020/09/23 v2.17i AMS math features
\@mathmargin=\skip93

For additional information on amsmath, use the `?' option.
(C:\MiKTeX\tex/latex/amsmath\amstext.sty
Package: amstext 2000/06/29 v2.01 AMS text

(C:\MiKTeX\tex/latex/amsmath\amsgen.sty
File: amsgen.sty 1999/11/30 v2.0 generic functions
\@emptytoks=\toks37
\ex@=\dimen292
))
(C:\MiKTeX\tex/latex/amsmath\amsbsy.sty
Package: amsbsy 1999/11/29 v1.2d Bold Symbols
\pmbraise@=\dimen293
)
(C:\MiKTeX\tex/latex/amsmath\amsopn.sty
Package: amsopn 2016/03/08 v2.02 operator names
)
\inf@bad=\count320
LaTeX Info: Redefining \frac on input line 234.
\uproot@=\count321
\leftroot@=\count322
LaTeX Info: Redefining \overline on input line 399.
\classnum@=\count323
\DOTSCASE@=\count324
LaTeX Info: Redefining \ldots on input line 496.
LaTeX Info: Redefining \dots on input line 499.
LaTeX Info: Redefining \cdots on input line 620.
\Mathstrutbox@=\box128
\strutbox@=\box129
\big@size=\dimen294
LaTeX Font Info:    Redeclaring font encoding OML on input line 743.
LaTeX Font Info:    Redeclaring font encoding OMS on input line 744.
\macc@depth=\count325
\c@MaxMatrixCols=\count326
\dotsspace@=\muskip17
\c@parentequation=\count327
\dspbrk@lvl=\count328
\tag@help=\toks38
\row@=\count329
\column@=\count330
\maxfields@=\count331
\andhelp@=\toks39
\eqnshift@=\dimen295
\alignsep@=\dimen296
\tagshift@=\dimen297
\tagwidth@=\dimen298
\totwidth@=\dimen299
\lineht@=\dimen300
\@envbody=\toks40
\multlinegap=\skip94
\multlinetaggap=\skip95
\mathdisplay@stack=\toks41
LaTeX Info: Redefining \[ on input line 2923.
LaTeX Info: Redefining \] on input line 2924.
)
(C:\MiKTeX\tex/latex/amsfonts\amssymb.sty
Package: amssymb 2013/01/14 v3.01 AMS font symbols

(C:\MiKTeX\tex/latex/amsfonts\amsfonts.sty
Package: amsfonts 2013/01/14 v3.01 Basic AMSFonts support
\symAMSa=\mathgroup4
\symAMSb=\mathgroup5
LaTeX Font Info:    Redeclaring math symbol \hbar on input line 98.
LaTeX Font Info:    Overwriting math alphabet `\mathfrak' in version `bold'
(Font)                  U/euf/m/n --> U/euf/b/n on input line 106.
))
(C:\MiKTeX\tex/latex/siunitx\siunitx.sty
(C:\MiKTeX\tex/latex/l3kernel\expl3.sty
Package: expl3 2021-05-07 L3 programming layer (loader) 

(C:\MiKTeX\tex/latex/l3backend\l3backend-pdftex.def
File: l3backend-pdftex.def 2021-05-07 L3 backend support: PDF output (pdfTeX)
\l__color_backend_stack_int=\count332
\l__pdf_internal_box=\box130
))
(C:\MiKTeX\tex/latex/l3packages/xparse\xparse.sty
(C:\MiKTeX\tex/latex/l3packages/xparse\xparse-2020-10-01.sty
(C:\MiKTeX\tex/latex/l3packages/xparse\xparse-generic.tex)))
Package: siunitx 2021-04-17 v2.8e A comprehensive (SI) units package

(C:\MiKTeX\tex/latex/l3packages/l3keys2e\l3keys2e.sty
Package: l3keys2e 2021-05-07 LaTeX2e option processing using LaTeX3 keys
)
\l__siunitx_tmp_box=\box131
\l__siunitx_tmp_dim=\dimen301
\l__siunitx_tmp_int=\count333
\l__siunitx_number_mantissa_length_int=\count334
\l__siunitx_number_uncert_length_int=\count335
\l__siunitx_round_int=\count336
\l__siunitx_process_decimal_int=\count337
\l__siunitx_process_uncertainty_int=\count338
\l__siunitx_process_fixed_int=\count339
\l__siunitx_process_integer_min_int=\count340
\l__siunitx_process_precision_int=\count341
\l__siunitx_group_min_int=\count342
\l__siunitx_angle_marker_box=\box132
\l__siunitx_angle_unit_box=\box133
\l__siunitx_angle_marker_dim=\dimen302
\l__siunitx_angle_unit_dim=\dimen303
\l__siunitx_unit_int=\count343
\l__siunitx_unit_denominator_int=\count344
\l__siunitx_unit_numerator_int=\count345
\l__siunitx_unit_prefix_int=\count346
\l__siunitx_unit_prefix_base_int=\count347
\l__siunitx_unit_prefix_gram_int=\count348
\l__siunitx_number_product_int=\count349
\c__siunitx_one_fill_skip=\skip96
\l__siunitx_table_unit_align_skip=\skip97
\l__siunitx_table_exponent_dim=\dimen304
\l__siunitx_table_integer_dim=\dimen305
\l__siunitx_table_mantissa_dim=\dimen306
\l__siunitx_table_marker_dim=\dimen307
\l__siunitx_table_result_dim=\dimen308
\l__siunitx_table_uncert_dim=\dimen309
\l__siunitx_table_fill_pre_dim=\dimen310
\l__siunitx_table_fill_post_dim=\dimen311
\l__siunitx_table_fill_mid_dim=\dimen312
\l__siunitx_table_pre_box=\box134
\l__siunitx_table_post_box=\box135
\l__siunitx_table_mantissa_box=\box136
\l__siunitx_table_result_box=\box137
\l__siunitx_table_number_align_skip=\skip98
\l__siunitx_table_text_align_skip=\skip99

(C:\MiKTeX\tex/latex/translator\translator.sty
Package: translator 2020-08-03 v1.12c Easy translation of strings in LaTeX
))
(C:\MiKTeX\tex/latex/listings\listings.sty
\lst@mode=\count350
\lst@gtempboxa=\box138
\lst@token=\toks42
\lst@length=\count351
\lst@currlwidth=\dimen313
\lst@column=\count352
\lst@pos=\count353
\lst@lostspace=\dimen314
\lst@width=\dimen315
\lst@newlines=\count354
\lst@lineno=\count355
\lst@maxwidth=\dimen316

(C:\MiKTeX\tex/latex/listings\lstmisc.sty
File: lstmisc.sty 2020/03/24 1.8d (Carsten Heinz)
\lst@fmtcurrindent=\dimen317
\lst@newlinesensured=\count356
\c@lstnumber=\count357
\lst@skipnumbers=\count358
\lst@framebox=\box139
)
(C:\MiKTeX\tex/latex/listings\listings.cfg
File: listings.cfg 2020/03/24 1.8d listings configuration
))
Package: listings 2020/03/24 1.8d (Carsten Heinz)
)
Package csquotes Info: Checking for multilingual support...
Package csquotes Info: ... found 'babel' package.
Package csquotes Info: Adjusting default style.
Package csquotes Info: Redefining alias 'default' -> 'czech'.
LaTeX Font Info:    Trying to load font information for T1+lmr on input line 24
.
 (C:\MiKTeX\tex/latex/lm\t1lmr.fd
File: t1lmr.fd 2009/10/30 v1.6 Font defs for Latin Modern
)<<t1.cmap>> (MPC-NAI.aux (text/01.aux) (text/02.aux) (text/03.aux) (text/04.au
x) (text/05.aux) (text/06.aux) (text/07.aux) (text/08.aux) (text/09.aux)
(text/10.aux) (text/11.aux) (text/12.aux))
\openout1 = `MPC-NAI.aux'.

LaTeX Font Info:    Checking defaults for OML/cmm/m/it on input line 24.
LaTeX Font Info:    ... okay on input line 24.
LaTeX Font Info:    Checking defaults for OMS/cmsy/m/n on input line 24.
LaTeX Font Info:    ... okay on input line 24.
LaTeX Font Info:    Checking defaults for OT1/cmr/m/n on input line 24.
LaTeX Font Info:    ... okay on input line 24.
LaTeX Font Info:    Checking defaults for T1/cmr/m/n on input line 24.
LaTeX Font Info:    ... okay on input line 24.
LaTeX Font Info:    Checking defaults for TS1/cmr/m/n on input line 24.
LaTeX Font Info:    ... okay on input line 24.
LaTeX Font Info:    Checking defaults for OMX/cmex/m/n on input line 24.
LaTeX Font Info:    ... okay on input line 24.
LaTeX Font Info:    Checking defaults for U/cmr/m/n on input line 24.
LaTeX Font Info:    ... okay on input line 24.
LaTeX Font Info:    Checking defaults for PD1/pdf/m/n on input line 24.
LaTeX Font Info:    ... okay on input line 24.
LaTeX Font Info:    Checking defaults for PU/pdf/m/n on input line 24.
LaTeX Font Info:    ... okay on input line 24.

*geometry* driver: auto-detecting
*geometry* detected driver: pdftex
*geometry* verbose mode - [ preamble ] result:
* driver: pdftex
* paper: a4paper
* layout: <same size as paper>
* layoutoffset:(h,v)=(0.0pt,0.0pt)
* modes: twoside 
* h-part:(L,W,R)=(85.35826pt, 455.24411pt, 56.9055pt)
* v-part:(T,H,B)=(71.13188pt, 702.78308pt, 71.13188pt)
* \paperwidth=597.50787pt
* \paperheight=845.04684pt
* \textwidth=455.24411pt
* \textheight=702.78308pt
* \oddsidemargin=13.08827pt
* \evensidemargin=-15.36449pt
* \topmargin=-1.1381pt
* \headheight=0.0pt
* \headsep=0.0pt
* \topskip=12.0pt
* \footskip=48.36967pt
* \marginparwidth=85.0pt
* \marginparsep=10.0pt
* \columnsep=10.0pt
* \skip\footins=10.8pt plus 4.0pt minus 2.0pt
* \hoffset=0.0pt
* \voffset=0.0pt
* \mag=1000
* \@twocolumnfalse
* \@twosidetrue
* \@mparswitchtrue
* \@reversemarginfalse
* (1in=72.27pt=25.4mm, 1cm=28.453pt)

Package hyperref Info: Link coloring ON on input line 24.
(C:\MiKTeX\tex/latex/hyperref\nameref.sty
Package: nameref 2021-04-02 v2.47 Cross-referencing by name of section

(C:\MiKTeX\tex/latex/refcount\refcount.sty
Package: refcount 2019/12/15 v3.6 Data extraction from label references (HO)
)
(C:\MiKTeX\tex/generic/gettitlestring\gettitlestring.sty
Package: gettitlestring 2019/12/15 v1.6 Cleanup title references (HO)
)
\c@section@level=\count359
)
LaTeX Info: Redefining \ref on input line 24.
LaTeX Info: Redefining \pageref on input line 24.
LaTeX Info: Redefining \nameref on input line 24.
 (MPC-NAI.out)
(MPC-NAI.out)
\@outlinefile=\write4
\openout4 = `MPC-NAI.out'.

 (C:\MiKTeX\tex/context/base/mkii\supp-pdf.mkii
[Loading MPS to PDF converter (version 2006.09.02).]
\scratchcounter=\count360
\scratchdimen=\dimen318
\scratchbox=\box140
\nofMPsegments=\count361
\nofMParguments=\count362
\everyMPshowfont=\toks43
\MPscratchCnt=\count363
\MPscratchDim=\dimen319
\MPnumerator=\count364
\makeMPintoPDFobject=\count365
\everyMPtoPDFconversion=\toks44
) (C:\MiKTeX\tex/latex/epstopdf-pkg\epstopdf-base.sty
Package: epstopdf-base 2020-01-24 v2.11 Base part for package epstopdf
Package epstopdf-base Info: Redefining graphics rule for `.eps' on input line 4
85.

(C:\MiKTeX\tex/latex/00miktex\epstopdf-sys.cfg
File: epstopdf-sys.cfg 2021/03/18 v2.0 Configuration of epstopdf for MiKTeX
))
Package caption Info: Begin \AtBeginDocument code.
Package caption Info: subfig package v1.3 is loaded.
Package caption Info: listings package is loaded.
Package caption Info: End \AtBeginDocument code.

(C:\MiKTeX\tex/latex/siunitx\siunitx-abbreviations.cfg
File: siunitx-abbreviations.cfg 2021-04-17 v2.8e siunitx: Abbreviated units
)
(C:\MiKTeX\tex/latex/translator\translator-basic-dictionary-English.dict
Dictionary: translator-basic-dictionary, Language: English 
)
\c@lstlisting=\count366
LaTeX Font Info:    Trying to load font information for OT1+lmr on input line 2
4.

(C:\MiKTeX\tex/latex/lm\ot1lmr.fd
File: ot1lmr.fd 2009/10/30 v1.6 Font defs for Latin Modern
)<<ot1.cmap>>
LaTeX Font Info:    Trying to load font information for OML+lmm on input line 2
4.

(C:\MiKTeX\tex/latex/lm\omllmm.fd
File: omllmm.fd 2009/10/30 v1.6 Font defs for Latin Modern
)<<oml.cmap>>
LaTeX Font Info:    Trying to load font information for OMS+lmsy on input line 
24.

(C:\MiKTeX\tex/latex/lm\omslmsy.fd
File: omslmsy.fd 2009/10/30 v1.6 Font defs for Latin Modern
)<<oms.cmap>>
LaTeX Font Info:    Trying to load font information for OMX+lmex on input line 
24.

(C:\MiKTeX\tex/latex/lm\omxlmex.fd
File: omxlmex.fd 2009/10/30 v1.6 Font defs for Latin Modern
)
LaTeX Font Info:    External font `lmex10' loaded for size
(Font)              <12> on input line 24.
<<omx.cmap>>
LaTeX Font Info:    External font `lmex10' loaded for size
(Font)              <8> on input line 24.
LaTeX Font Info:    External font `lmex10' loaded for size
(Font)              <6> on input line 24.
LaTeX Font Info:    Trying to load font information for U+msa on input line 24.


(C:\MiKTeX\tex/latex/amsfonts\umsa.fd
File: umsa.fd 2013/01/14 v3.01 AMS symbols A
)
LaTeX Font Info:    Trying to load font information for U+msb on input line 24.

 (C:\MiKTeX\tex/latex/amsfonts\umsb.fd
File: umsb.fd 2013/01/14 v3.01 AMS symbols B
)
LaTeX Font Info:    Trying to load font information for OT1+lmss on input line 
24.

(C:\MiKTeX\tex/latex/lm\ot1lmss.fd
File: ot1lmss.fd 2009/10/30 v1.6 Font defs for Latin Modern
)
LaTeX Font Info:    Trying to load font information for OT1+lmtt on input line 
24.
 (C:\MiKTeX\tex/latex/lm\ot1lmtt.fd
File: ot1lmtt.fd 2009/10/30 v1.6 Font defs for Latin Modern
)<<ot1tt.cmap>>
LaTeX Font Info:    Trying to load font information for T1+lmtt on input line 2
6.
 (C:\MiKTeX\tex/latex/lm\t1lmtt.fd
File: t1lmtt.fd 2009/10/30 v1.6 Font defs for Latin Modern
) [1

{C:/Users/Misa/AppData/Local/MiKTeX/pdftex/config/pdftex.map}]
LaTeX Font Info:    Trying to load font information for T1+lmss on input line 2
8.
 (C:\MiKTeX\tex/latex/lm\t1lmss.fd
File: t1lmss.fd 2009/10/30 v1.6 Font defs for Latin Modern
) (MPC-NAI.toc)
\tf@toc=\write5
\openout5 = `MPC-NAI.toc'.


[0]
\openout2 = `text/01.aux'.

 (text/01.tex
<images/OSC.png, id=92, 762.59906pt x 509.65407pt>
File: images/OSC.png Graphic file (type png)
<use images/OSC.png>
Package pdftex.def Info: images/OSC.png  used on input line 6.
(pdftex.def)             Requested size: 305.03421pt x 203.858pt.
) [1

 <./images/OSC.png>]
\openout2 = `text/02.aux'.

 (text/02.tex
<images/UVLO.png, id=108, 771.63281pt x 514.92375pt>
File: images/UVLO.png Graphic file (type png)
<use images/UVLO.png>
Package pdftex.def Info: images/UVLO.png  used on input line 6.
(pdftex.def)             Requested size: 385.81546pt x 257.46124pt.
 [2



 <./images/UVLO.png>])
[3]
\openout2 = `text/03.aux'.

 (text/03.tex
<images/Latch.png, id=125, 624.83438pt x 460.72125pt>
File: images/Latch.png Graphic file (type png)
<use images/Latch.png>
Package pdftex.def Info: images/Latch.png  used on input line 6.
(pdftex.def)             Requested size: 312.41643pt x 230.36006pt.
<images/Latch2.png, id=127, 901.11656pt x 475.02469pt>
File: images/Latch2.png Graphic file (type png)
<use images/Latch2.png>
Package pdftex.def Info: images/Latch2.png  used on input line 23.
(pdftex.def)             Requested size: 450.55717pt x 237.51175pt.


LaTeX Warning: `h' float specifier changed to `ht'.

) [4



 <./images/Latch.png>] [5 <./images/Latch2.png>]
\openout2 = `text/04.aux'.

 (text/04.tex
Overfull \hbox (3.4796pt too wide) in paragraph at lines 1--1
|[]\T1/lmss/bx/n/17.28 Z¡KLADY A TE-O-RIE PêES-N…HO N¡-VRHU S OHLE-
 []


Overfull \hbox (2.95496pt too wide) in paragraph at lines 1--1
\T1/lmss/bx/n/17.28 DEM NA SOU-BÖH PA-RA-ME-TRó PRVKó IN-TE-GRO-
 []

<images/normal.png, id=142, 695.59875pt x 523.9575pt>
File: images/normal.png Graphic file (type png)
<use images/normal.png>
Package pdftex.def Info: images/normal.png  used on input line 7.
(pdftex.def)             Requested size: 347.79852pt x 261.9781pt.
<images/Normal1.png, id=143, 532.23843pt x 382.42876pt>
File: images/Normal1.png Graphic file (type png)
<use images/Normal1.png>
Package pdftex.def Info: images/Normal1.png  used on input line 15.
(pdftex.def)             Requested size: 266.11856pt x 191.2139pt.

Underfull \vbox (badness 6188) has occurred while \output is active []

 [6



 <./images/normal.png>]
<images/Normal2.png, id=151, 529.98pt x 397.485pt>
File: images/Normal2.png Graphic file (type png)
<use images/Normal2.png>
Package pdftex.def Info: images/Normal2.png  used on input line 21.
(pdftex.def)             Requested size: 264.98933pt x 198.742pt.
<images/Smer.png, id=152, 577.40718pt x 437.38406pt>
File: images/Smer.png Graphic file (type png)
<use images/Smer.png>
Package pdftex.def Info: images/Smer.png  used on input line 32.
(pdftex.def)             Requested size: 288.70288pt x 218.69148pt.


LaTeX Warning: `h' float specifier changed to `ht'.


Underfull \vbox (badness 2326) has occurred while \output is active []

 [7 <./images/Normal1.png> <./images/Normal2.png>]
<images/Chyba_Souctu.png, id=165, 461.47406pt x 376.40625pt>
File: images/Chyba_Souctu.png Graphic file (type png)
<use images/Chyba_Souctu.png>
Package pdftex.def Info: images/Chyba_Souctu.png  used on input line 52.
(pdftex.def)             Requested size: 230.73645pt x 188.20265pt.

Underfull \vbox (badness 10000) has occurred while \output is active []

 [8 <./images/Smer.png>]) [9 <./images/Chyba_Souctu.png>]
\openout2 = `text/05.aux'.

 (text/05.tex
Overfull \hbox (0.83324pt too wide) in paragraph at lines 1--1
|[]\T1/lmss/bx/n/17.28 Z¡KLADNÕ VZTAHY PRO V›-PO-ÉET CHYB V ANA-
 []

File: images/Chyba_Souctu.png Graphic file (type png)
<use images/Chyba_Souctu.png>
Package pdftex.def Info: images/Chyba_Souctu.png  used on input line 11.
(pdftex.def)             Requested size: 230.73645pt x 188.20265pt.

Underfull \vbox (badness 10000) has occurred while \output is active []

 [10



]
<images/Soucin.png, id=192, 435.12563pt x 527.72156pt>
File: images/Soucin.png Graphic file (type png)
<use images/Soucin.png>
Package pdftex.def Info: images/Soucin.png  used on input line 33.
(pdftex.def)             Requested size: 217.56227pt x 263.86014pt.

Underfull \vbox (badness 7888) has occurred while \output is active []

 [11 <./images/Soucin.png>]
<images/Prepocet.png, id=204, 198.7425pt x 174.6525pt>
File: images/Prepocet.png Graphic file (type png)
<use images/Prepocet.png>
Package pdftex.def Info: images/Prepocet.png  used on input line 67.
(pdftex.def)             Requested size: 198.742pt x 174.65207pt.
<images/Soubeh.png, id=205, 1023.07219pt x 479.54156pt>
File: images/Soubeh.png Graphic file (type png)
<use images/Soubeh.png>
Package pdftex.def Info: images/Soubeh.png  used on input line 84.
(pdftex.def)             Requested size: 409.22163pt x 191.81322pt.


LaTeX Warning: `h' float specifier changed to `ht'.

) [12 <./images/Prepocet.png>] [13 <./images/Soubeh.png>]
\openout2 = `text/06.aux'.

 (text/06.tex
<images/MOS1.png, id=223, 186.6975pt x 199.49532pt>
File: images/MOS1.png Graphic file (type png)
<use images/MOS1.png>
Package pdftex.def Info: images/MOS1.png  used on input line 7.
(pdftex.def)             Requested size: 112.01935pt x 119.69809pt.
<images/Urceni.png, id=224, 468.24937pt x 234.1247pt>
File: images/Urceni.png Graphic file (type png)
<use images/Urceni.png>
Package pdftex.def Info: images/Urceni.png  used on input line 16.
(pdftex.def)             Requested size: 280.95178pt x 140.47589pt.
<images/MOS6.png, id=225, 170.13562pt x 202.50656pt>
File: images/MOS6.png Graphic file (type png)
<use images/MOS6.png>
Package pdftex.def Info: images/MOS6.png  used on input line 24.
(pdftex.def)             Requested size: 102.08215pt x 121.50485pt.


LaTeX Warning: `h' float specifier changed to `ht'.

[14



 <./images/MOS1.png> <./images/Urceni.png>] [15 <./images/MOS6.png>]
<images/Presnost.png, id=245, 391.4625pt x 542.77782pt>
File: images/Presnost.png Graphic file (type png)
<use images/Presnost.png>
Package pdftex.def Info: images/Presnost.png  used on input line 45.
(pdftex.def)             Requested size: 313.17041pt x 434.22284pt.
<images/grafy.png, id=246, 295.1025pt x 646.66594pt>
File: images/grafy.png Graphic file (type png)
<use images/grafy.png>
Package pdftex.def Info: images/grafy.png  used on input line 68.
(pdftex.def)             Requested size: 236.0823pt x 517.33345pt.

Underfull \vbox (badness 4108) has occurred while \output is active []

 [16 <./images/Presnost.png>]

LaTeX Warning: `h' float specifier changed to `ht'.

) [17] [18 <./images/grafy.png>]
\openout2 = `text/07.aux'.

 (text/07.tex
Overfull \hbox (16.38974pt too wide) in paragraph at lines 2--3
\T1/lmr/m/n/12 Anal˝za, pra-vi-dla p∞es-nÈho n·-vrhu, ekvi-va-lentnÌ vstupnÌ of
-set, prou-dov· ne-sy-me-t-rie transkon-
 []

<images/tab.png, id=269, 115.18031pt x 166.37157pt>
File: images/tab.png Graphic file (type png)
<use images/tab.png>
Package pdftex.def Info: images/tab.png  used on input line 12.
(pdftex.def)             Requested size: 69.1087pt x 99.82368pt.
<images/PMOS.png, id=270, 223.58531pt x 232.61906pt>
File: images/PMOS.png Graphic file (type png)
<use images/PMOS.png>
Package pdftex.def Info: images/PMOS.png  used on input line 19.
(pdftex.def)             Requested size: 134.1522pt x 139.57251pt.
[19



 <./images/tab.png> <./images/PMOS.png>]
<images/akt.png, id=281, 325.215pt x 193.47281pt>
File: images/akt.png Graphic file (type png)
<use images/akt.png>
Package pdftex.def Info: images/akt.png  used on input line 41.
(pdftex.def)             Requested size: 195.1305pt x 116.08458pt.
) [20 <./images/akt.png>]
\openout2 = `text/08.aux'.


(text/08.tex
Overfull \hbox (1.80489pt too wide) in paragraph at lines 1--1
|[]\T1/lmss/bx/n/17.28 PêESN› DVOU-STUP-åOV› OPE-RAÉNÕ ZE-SI-LO-VAÉ| 
 []

<images/dvojOZ.png, id=294, 889.07156pt x 236.38312pt>
File: images/dvojOZ.png Graphic file (type png)
<use images/dvojOZ.png>
Package pdftex.def Info: images/dvojOZ.png  used on input line 9.
(pdftex.def)             Requested size: 444.5347pt x 118.19127pt.
<images/dvojOZ2.png, id=295, 758.08218pt x 237.13594pt>
File: images/dvojOZ2.png Graphic file (type png)
<use images/dvojOZ2.png>
Package pdftex.def Info: images/dvojOZ2.png  used on input line 23.
(pdftex.def)             Requested size: 379.04016pt x 118.56767pt.

LaTeX Warning: `h' float specifier changed to `ht'.

[21



 <./images/dvojOZ.png>]
<images/prvnistupen.png, id=305, 449.42906pt x 331.99031pt>
File: images/prvnistupen.png Graphic file (type png)
<use images/prvnistupen.png>
Package pdftex.def Info: images/prvnistupen.png  used on input line 34.
(pdftex.def)             Requested size: 224.71397pt x 165.99474pt.
 [22 <./images/dvojOZ2.png> <./images/prvnistupen.png>]
<images/OZ.png, id=317, 384.6872pt x 368.87813pt>
File: images/OZ.png Graphic file (type png)
<use images/OZ.png>
Package pdftex.def Info: images/OZ.png  used on input line 67.
(pdftex.def)             Requested size: 192.34312pt x 184.4386pt.
<images/sled.png, id=318, 858.20625pt x 463.7325pt>
File: images/sled.png Graphic file (type png)
<use images/sled.png>
Package pdftex.def Info: images/sled.png  used on input line 78.
(pdftex.def)             Requested size: 429.10208pt x 231.86568pt.

Underfull \vbox (badness 10000) has occurred while \output is active []

 [23 <./images/OZ.png>]
<images/offset2.png, id=330, 779.16093pt x 255.95625pt>
File: images/offset2.png Graphic file (type png)
<use images/offset2.png>
Package pdftex.def Info: images/offset2.png  used on input line 96.
(pdftex.def)             Requested size: 389.57951pt x 127.9778pt.


LaTeX Warning: `h' float specifier changed to `ht'.


Underfull \vbox (badness 10000) has occurred while \output is active []

 [24 <./images/sled.png>]) [25 <./images/offset2.png>]
\openout2 = `text/09.aux'.

 (text/09.tex
<images/sum.png, id=350, 705.38531pt x 475.7775pt>
File: images/sum.png Graphic file (type png)
<use images/sum.png>
Package pdftex.def Info: images/sum.png  used on input line 15.
(pdftex.def)             Requested size: 352.69179pt x 237.88815pt.

Underfull \vbox (badness 10000) has occurred while \output is active []

 [26



 <./images/sum.png>]
LaTeX Font Info:    External font `lmex10' loaded for size
(Font)              <14.4> on input line 25.
LaTeX Font Info:    External font `lmex10' loaded for size
(Font)              <10> on input line 25.
LaTeX Font Info:    External font `lmex10' loaded for size
(Font)              <7> on input line 25.
<images/hustota.png, id=360, 678.28406pt x 481.04718pt>
File: images/hustota.png Graphic file (type png)
<use images/hustota.png>
Package pdftex.def Info: images/hustota.png  used on input line 29.
(pdftex.def)             Requested size: 339.14119pt x 240.523pt.
<images/korel.png, id=361, 322.20375pt x 423.83344pt>
File: images/korel.png Graphic file (type png)
<use images/korel.png>
Package pdftex.def Info: images/korel.png  used on input line 43.
(pdftex.def)             Requested size: 161.10147pt x 211.91618pt.


LaTeX Warning: `h' float specifier changed to `ht'.


Underfull \vbox (badness 10000) has occurred while \output is active []

 [27 <./images/hustota.png>]
<images/realsum.png, id=371, 594.72188pt x 433.62pt>
File: images/realsum.png Graphic file (type png)
<use images/realsum.png>
Package pdftex.def Info: images/realsum.png  used on input line 72.
(pdftex.def)             Requested size: 297.36021pt x 216.80946pt.

Overfull \hbox (8.32617pt too wide) in paragraph at lines 69--76
\T1/lmr/m/n/12 Re·lnÈ kmi-to£tovÈ spek-trum ≤umovÈ hus-toty b•∫-n˝ch elek-tro-n
ic-k˝ch prvk∑ (od-pory, mosovÈ
 []


Underfull \vbox (badness 10000) has occurred while \output is active []

 [28 <./images/korel.png>]
Underfull \vbox (badness 10000) has occurred while \output is active []

 [29 <./images/realsum.png>]) [30]
\openout2 = `text/10.aux'.

 (text/10.tex
<images/sumR.png, id=400, 106.14656pt x 201.00093pt>
File: images/sumR.png Graphic file (type png)
<use images/sumR.png>
Package pdftex.def Info: images/sumR.png  used on input line 13.
(pdftex.def)             Requested size: 53.07315pt x 100.50021pt.
<images/sumRI.png, id=401, 153.57375pt x 155.83218pt>
File: images/sumRI.png Graphic file (type png)
<use images/sumRI.png>
Package pdftex.def Info: images/sumRI.png  used on input line 25.
(pdftex.def)             Requested size: 76.78668pt x 77.9159pt.
<images/sumMOS.png, id=402, 191.9672pt x 157.33781pt>
File: images/sumMOS.png Graphic file (type png)
<use images/sumMOS.png>
Package pdftex.def Info: images/sumMOS.png  used on input line 35.
(pdftex.def)             Requested size: 95.98335pt x 78.6687pt.


LaTeX Warning: `h' float specifier changed to `ht'.

[31



 <./images/sumR.png> <./images/sumRI.png>]
<images/sumMOSv.png, id=417, 174.6525pt x 143.03438pt>
File: images/sumMOSv.png Graphic file (type png)
<use images/sumMOSv.png>
Package pdftex.def Info: images/sumMOSv.png  used on input line 60.
(pdftex.def)             Requested size: 87.32603pt x 71.517pt.

Underfull \vbox (badness 2088) has occurred while \output is active []

 [32 <./images/sumMOS.png> <./images/sumMOSv.png>]
<images/Zes.png, id=432, 683.55376pt x 798.73407pt>
File: images/Zes.png Graphic file (type png)
<use images/Zes.png>
Package pdftex.def Info: images/Zes.png  used on input line 87.
(pdftex.def)             Requested size: 478.48438pt x 559.11005pt.

Overfull \hbox (23.24026pt too wide) in paragraph at lines 87--88
 [] 
 []


LaTeX Warning: `h' float specifier changed to `ht'.

) [33] [34 <./images/Zes.png>]
\openout2 = `text/11.aux'.

 (text/11.tex
<images/sumPN.png, id=445, 114.4275pt x 141.52875pt>
File: images/sumPN.png Graphic file (type png)
<use images/sumPN.png>
Package pdftex.def Info: images/sumPN.png  used on input line 12.
(pdftex.def)             Requested size: 57.21361pt x 70.76419pt.
<images/sumBJT.png, id=446, 378.66469pt x 187.45032pt>
File: images/sumBJT.png Graphic file (type png)
<use images/sumBJT.png>
Package pdftex.def Info: images/sumBJT.png  used on input line 21.
(pdftex.def)             Requested size: 189.33188pt x 93.72491pt.
 [35



 <./images/sumPN.png> <./images/sumBJT.png>]
<images/prevodBJT.png, id=463, 928.97063pt x 313.17pt>
File: images/prevodBJT.png Graphic file (type png)
<use images/prevodBJT.png>
Package pdftex.def Info: images/prevodBJT.png  used on input line 50.
(pdftex.def)             Requested size: 464.48418pt x 156.58461pt.

Overfull \hbox (9.24007pt too wide) in paragraph at lines 50--51
 [] 
 []

<images/slouceniBJT.png, id=464, 680.5425pt x 414.79968pt>
File: images/slouceniBJT.png Graphic file (type png)
<use images/slouceniBJT.png>
Package pdftex.def Info: images/slouceniBJT.png  used on input line 59.
(pdftex.def)             Requested size: 340.27042pt x 207.39934pt.
<images/grafBJT.png, id=465, 586.44093pt x 374.14781pt>
File: images/grafBJT.png Graphic file (type png)
<use images/grafBJT.png>
Package pdftex.def Info: images/grafBJT.png  used on input line 66.
(pdftex.def)             Requested size: 293.21974pt x 187.07344pt.

LaTeX Warning: `h' float specifier changed to `ht'.


Underfull \vbox (badness 1810) has occurred while \output is active []

 [36 <./images/prevodBJT.png> <./images/slouceniBJT.png>]
<images/nrbBJT.png, id=476, 377.91188pt x 257.46187pt>
File: images/nrbBJT.png Graphic file (type png)
<use images/nrbBJT.png>
Package pdftex.def Info: images/nrbBJT.png  used on input line 78.
(pdftex.def)             Requested size: 188.95547pt x 128.7306pt.
 [37 <./images/grafBJT.png> <./images/nrbBJT.png>]
<images/symBJT.png, id=488, 501.37312pt x 377.15906pt>
File: images/symBJT.png Graphic file (type png)
<use images/symBJT.png>
Package pdftex.def Info: images/symBJT.png  used on input line 100.
(pdftex.def)             Requested size: 250.68594pt x 188.57907pt.
 [38 <./images/symBJT.png>]) [39]
\openout2 = `text/12.aux'.

 (text/12.tex
Overfull \hbox (16.58942pt too wide) in paragraph at lines 1--1
|[]\T1/lmss/bx/n/17.28 Z¡KLADNÕ KON-CEPT NÕZ-KO-íUMO-V…HO N¡-VRHU| 
 []

) [40



] (MPC-NAI.aux (text/01.aux) (text/02.aux) (text/03.aux) (text/04.aux)
(text/05.aux) (text/06.aux) (text/07.aux) (text/08.aux) (text/09.aux)
(text/10.aux) (text/11.aux) (text/12.aux))

LaTeX Warning: Label(s) may have changed. Rerun to get cross-references right.


Package rerunfilecheck Warning: File `MPC-NAI.out' has changed.
(rerunfilecheck)                Rerun to get outlines right
(rerunfilecheck)                or use package `bookmark'.

Package rerunfilecheck Info: Checksums for `MPC-NAI.out':
(rerunfilecheck)             Before: 8D64CC298F6A53EC51484F9D92DB602A;3592
(rerunfilecheck)             After:  E4187C191F0C847F33FE834364E0C166;3592.
 ) 
Here is how much of TeX's memory you used:
 31640 strings out of 481021
 599505 string characters out of 2905436
 920094 words of memory out of 3000000
 48052 multiletter control sequences out of 15000+600000
 485417 words of font info for 86 fonts, out of 8000000 for 9000
 24 hyphenation exceptions out of 8191
 89i,9n,92p,871b,820s stack positions out of 5000i,500n,10000p,200000b,80000s
pdfTeX warning (dest): name{section.164} has been referenced but does not exi
st, replaced by a fixed one

pdfTeX warning (dest): name{section.137} has been referenced but does not exist
, replaced by a fixed one

pdfTeX warning (dest): name{section.118} has been referenced but does not exist
, replaced by a fixed one

pdfTeX warning (dest): name{section.98} has been referenced but does not exist,
 replaced by a fixed one

pdfTeX warning (dest): name{section.76} has been referenced but does not exist,
 replaced by a fixed one

{C:/MiKTeX/fonts/enc/dvips/lm/lm-rm.enc}{C:/MiKTeX/fonts/enc/dvips/lm/lm-mathex
.enc}{C:/MiKTeX/fonts/enc/dvips/lm/lm-ec.enc}{C:/MiKTeX/fonts/enc/dvips/lm/lm-m
athsy.enc}{C:/MiKTeX/fonts/enc/dvips/lm/lm-mathit.enc}<C:/MiKTeX/fonts/type1/pu
blic/lm/lmbx12.pfb><C:/MiKTeX/fonts/type1/public/lm/lmex10.pfb><C:/MiKTeX/fonts
/type1/public/lm/lmmi12.pfb><C:/MiKTeX/fonts/type1/public/lm/lmmi8.pfb><C:/MiKT
eX/fonts/type1/public/lm/lmr12.pfb><C:/MiKTeX/fonts/type1/public/lm/lmr17.pfb><
C:/MiKTeX/fonts/type1/public/lm/lmr6.pfb><C:/MiKTeX/fonts/type1/public/lm/lmr8.
pfb><C:/MiKTeX/fonts/type1/public/lm/lmssbx10.pfb><C:/MiKTeX/fonts/type1/public
/lm/lmsy10.pfb><C:/MiKTeX/fonts/type1/public/lm/lmsy8.pfb><C:/MiKTeX/fonts/type
1/public/lm/lmtt12.pfb><C:/MiKTeX/fonts/type1/public/amsfonts/symbols/msam10.pf
b>
Output written on MPC-NAI.pdf (42 pages, 2129571 bytes).
PDF statistics:
 608 PDF objects out of 1000 (max. 8388607)
 213 named destinations out of 1000 (max. 500000)
 343 words of extra memory for PDF output out of 10000 (max. 10000000)

